#
# There is insufficient memory for the Java Runtime Environment to continue.
# Native memory allocation (mmap) failed to map 108003328 bytes for G1 virtual space
# Possible reasons:
#   The system is out of physical RAM or swap space
#   The process is running with CompressedOops enabled, and the Java Heap may be blocking the growth of the native heap
# Possible solutions:
#   Reduce memory load on the system
#   Increase physical memory or swap space
#   Check if swap backing store is full
#   Decrease Java heap size (-Xmx/-Xms)
#   Decrease number of Java threads
#   Decrease Java thread stack sizes (-Xss)
#   Set larger code cache with -XX:ReservedCodeCacheSize=
#   JVM is running with Unscaled Compressed Oops mode in which the Java heap is
#     placed in the first 4GB address space. The Java Heap base address is the
#     maximum limit for the native heap growth. Please use -XX:HeapBaseMinAddress
#     to set the Java Heap base and to place the Java Heap above 4GB virtual address.
# This output file may be truncated or incomplete.
#
#  Out of Memory Error (os_windows.cpp:3528), pid=12036, tid=8056
#
# JRE version: OpenJDK Runtime Environment (20.0.1+9) (build 20.0.1+9-29)
# Java VM: OpenJDK 64-Bit Server VM (20.0.1+9-29, mixed mode, sharing, tiered, compressed oops, compressed class ptrs, g1 gc, windows-amd64)
# No core dump will be written. Minidumps are not enabled by default on client versions of Windows
#

---------------  S U M M A R Y ------------

Command Line: --add-opens=java.base/java.util=ALL-UNNAMED --add-opens=java.base/java.lang=ALL-UNNAMED --add-opens=java.base/java.lang.invoke=ALL-UNNAMED --add-opens=java.prefs/java.util.prefs=ALL-UNNAMED --add-opens=java.base/java.nio.charset=ALL-UNNAMED --add-opens=java.base/java.net=ALL-UNNAMED --add-opens=java.base/java.util.concurrent.atomic=ALL-UNNAMED -XX:MaxMetaspaceSize=384m -XX:+HeapDumpOnOutOfMemoryError -Xms256m -Xmx512m -Dfile.encoding=windows-1251 -Duser.country=AZ -Duser.language=az -Duser.variant -javaagent:C:\Users\Minaver\.gradle\wrapper\dists\gradle-8.4-bin\1w5dpkrfk8irigvoxmyhowfim\gradle-8.4\lib\agents\gradle-instrumentation-agent-8.4.jar org.gradle.launcher.daemon.bootstrap.GradleDaemon 8.4

Host: Intel(R) Core(TM) i3-7020U CPU @ 2.30GHz, 4 cores, 3G,  Windows 10 , 64 bit Build 19041 (10.0.19041.3636)
Time: Fri Nov 17 19:54:40 2023 Azerbaijan Standard Time elapsed time: 956.080023 seconds (0d 0h 15m 56s)

---------------  T H R E A D  ---------------

Current thread (0x0000018e7d7d9350):  VMThread "VM Thread" [stack: 0x000000402a800000,0x000000402a900000] [id=8056]

Stack: [0x000000402a800000,0x000000402a900000]
Native frames: (J=compiled Java code, j=interpreted, Vv=VM code, C=native code)
V  [jvm.dll+0x6bb95a]
V  [jvm.dll+0x8485fa]
V  [jvm.dll+0x84a1f5]
V  [jvm.dll+0x84a8f3]
V  [jvm.dll+0x280b0f]
V  [jvm.dll+0x6b86e9]
V  [jvm.dll+0x6ad2da]
V  [jvm.dll+0x35adf5]
V  [jvm.dll+0x363016]
V  [jvm.dll+0x3b3b3e]
V  [jvm.dll+0x3b3dc5]
V  [jvm.dll+0x32b50a]
V  [jvm.dll+0x32b5b7]
V  [jvm.dll+0x373942]
V  [jvm.dll+0x372140]
V  [jvm.dll+0x32ac51]
V  [jvm.dll+0x371836]
V  [jvm.dll+0x85023e]
V  [jvm.dll+0x851351]
V  [jvm.dll+0x851859]
V  [jvm.dll+0x851ad3]
V  [jvm.dll+0x7f4b56]
V  [jvm.dll+0x6ba5cb]
C  [ucrtbase.dll+0x21bb2]
C  [KERNEL32.DLL+0x17344]
C  [ntdll.dll+0x526b1]

VM_Operation (0x000000402b9fe1b0): G1CollectForAllocation, mode: safepoint, requested by thread 0x0000018e13090390


---------------  P R O C E S S  ---------------

Threads class SMR info:
_java_thread_list=0x0000018e151b9d60, length=85, elements={
0x0000018e7271ceb0, 0x0000018e7d7fddd0, 0x0000018e7d7fe910, 0x0000018e7d7ff7b0,
0x0000018e7d802100, 0x0000018e7d804a50, 0x0000018e7d8063a0, 0x0000018e7d81bd90,
0x0000018e7d960090, 0x0000018e7d7c5650, 0x0000018e7db63410, 0x0000018e7ee0f000,
0x0000018e7f046890, 0x0000018e13090390, 0x0000018e7e487c40, 0x0000018e7e48a170,
0x0000018e7e488c30, 0x0000018e7e488190, 0x0000018e7e4886e0, 0x0000018e7ecaeb70,
0x0000018e7ecafb60, 0x0000018e7ecb10a0, 0x0000018e7ecb0600, 0x0000018e7ecb4070,
0x0000018e7ecb2b30, 0x0000018e7ecad630, 0x0000018e148789b0, 0x0000018e146b4e40,
0x0000018e146b78c0, 0x0000018e146b9350, 0x0000018e146b7e10, 0x0000018e146b8360,
0x0000018e146b88b0, 0x0000018e146ba340, 0x0000018e146bade0, 0x0000018e146bb330,
0x0000018e13448590, 0x0000018e134455c0, 0x0000018e13447af0, 0x0000018e13448ae0,
0x0000018e13449ad0, 0x0000018e1344bab0, 0x0000018e134475a0, 0x0000018e1344a020,
0x0000018e134465b0, 0x0000018e1344aac0, 0x0000018e13446b00, 0x0000018e13445070,
0x0000018e1344c550, 0x0000018e13449030, 0x0000018e1344a570, 0x0000018e13445b10,
0x0000018e13449580, 0x0000018e13446060, 0x0000018e1344b560, 0x0000018e13448040,
0x0000018e1344b010, 0x0000018e1344c000, 0x0000018e1344caa0, 0x0000018e7ecdfb90,
0x0000018e7ece10d0, 0x0000018e7ece00e0, 0x0000018e7ecdeba0, 0x0000018e7ecde650,
0x0000018e7ece40a0, 0x0000018e7ecde100, 0x0000018e7ece1b70, 0x0000018e7ece0630,
0x0000018e7ecdcbc0, 0x0000018e7ecdf0f0, 0x0000018e7ece1620, 0x0000018e7ece0b80,
0x0000018e7ecdf640, 0x0000018e7ece20c0, 0x0000018e7ece2610, 0x0000018e7ece2b60,
0x0000018e7ecdd110, 0x0000018e7ece3600, 0x0000018e7ece45f0, 0x0000018e7ecddbb0,
0x0000018e148769d0, 0x0000018e1487aee0, 0x0000018e14878f00, 0x0000018e148759e0,
0x0000018e148744a0
}

Java Threads: ( => current thread )
  0x0000018e7271ceb0 JavaThread "main" [_thread_blocked, id=2004, stack(0x000000402a200000,0x000000402a300000)]
  0x0000018e7d7fddd0 JavaThread "Reference Handler" daemon [_thread_blocked, id=4100, stack(0x000000402a900000,0x000000402aa00000)]
  0x0000018e7d7fe910 JavaThread "Finalizer" daemon [_thread_blocked, id=3632, stack(0x000000402aa00000,0x000000402ab00000)]
  0x0000018e7d7ff7b0 JavaThread "Signal Dispatcher" daemon [_thread_blocked, id=6724, stack(0x000000402ab00000,0x000000402ac00000)]
  0x0000018e7d802100 JavaThread "Attach Listener" daemon [_thread_blocked, id=11624, stack(0x000000402ac00000,0x000000402ad00000)]
  0x0000018e7d804a50 JavaThread "Service Thread" daemon [_thread_blocked, id=7808, stack(0x000000402ad00000,0x000000402ae00000)]
  0x0000018e7d8063a0 JavaThread "Monitor Deflation Thread" daemon [_thread_blocked, id=8532, stack(0x000000402ae00000,0x000000402af00000)]
  0x0000018e7d81bd90 JavaThread "C2 CompilerThread0" daemon [_thread_blocked, id=7216, stack(0x000000402af00000,0x000000402b000000)]
  0x0000018e7d960090 JavaThread "C1 CompilerThread0" daemon [_thread_blocked, id=9536, stack(0x000000402b000000,0x000000402b100000)]
  0x0000018e7d7c5650 JavaThread "Common-Cleaner" daemon [_thread_blocked, id=11428, stack(0x000000402b100000,0x000000402b200000)]
  0x0000018e7db63410 JavaThread "Notification Thread" daemon [_thread_blocked, id=11000, stack(0x000000402b200000,0x000000402b300000)]
  0x0000018e7ee0f000 JavaThread "Daemon health stats" [_thread_blocked, id=1336, stack(0x000000402b700000,0x000000402b800000)]
  0x0000018e7f046890 JavaThread "Incoming local TCP Connector on port 62581" [_thread_in_native, id=5056, stack(0x000000402b800000,0x000000402b900000)]
  0x0000018e13090390 JavaThread "Daemon periodic checks" [_thread_blocked, id=10128, stack(0x000000402b900000,0x000000402ba00000)]
  0x0000018e7e487c40 JavaThread "Cache worker for journal cache (C:\Users\Minaver\.gradle\caches\journal-1)" [_thread_blocked, id=11856, stack(0x000000402c100000,0x000000402c200000)]
  0x0000018e7e48a170 JavaThread "File lock request listener" [_thread_in_native, id=7236, stack(0x000000402c200000,0x000000402c300000)]
  0x0000018e7e488c30 JavaThread "Cache worker for file hash cache (C:\Users\Minaver\.gradle\caches\8.4\fileHashes)" [_thread_blocked, id=9464, stack(0x000000402c300000,0x000000402c400000)]
  0x0000018e7e488190 JavaThread "File watcher server" daemon [_thread_blocked, id=10372, stack(0x000000402c400000,0x000000402c500000)]
  0x0000018e7e4886e0 JavaThread "File watcher consumer" daemon [_thread_blocked, id=7476, stack(0x000000402c500000,0x000000402c600000)]
  0x0000018e7ecaeb70 JavaThread "Cache worker for file content cache (C:\Users\Minaver\.gradle\caches\8.4\fileContent)" [_thread_blocked, id=3636, stack(0x000000402c900000,0x000000402ca00000)]
  0x0000018e7ecafb60 JavaThread "Cache worker for execution history cache (C:\Users\Minaver\.gradle\caches\8.4\executionHistory)" [_thread_blocked, id=11232, stack(0x000000402cb00000,0x000000402cc00000)]
  0x0000018e7ecb10a0 JavaThread "jar transforms" [_thread_blocked, id=6196, stack(0x000000402cc00000,0x000000402cd00000)]
  0x0000018e7ecb0600 JavaThread "jar transforms Thread 2" [_thread_blocked, id=9812, stack(0x000000402cd00000,0x000000402ce00000)]
  0x0000018e7ecb4070 JavaThread "jar transforms Thread 3" [_thread_blocked, id=2448, stack(0x000000402ce00000,0x000000402cf00000)]
  0x0000018e7ecb2b30 JavaThread "jar transforms Thread 4" [_thread_blocked, id=960, stack(0x000000402cf00000,0x000000402d000000)]
  0x0000018e7ecad630 JavaThread "Memory manager" [_thread_blocked, id=9196, stack(0x000000402d500000,0x000000402d600000)]
  0x0000018e148789b0 JavaThread "Cache worker for Java compile cache (C:\Users\Minaver\.gradle\caches\8.4\javaCompile)" [_thread_blocked, id=8080, stack(0x0000004030200000,0x0000004030300000)]
  0x0000018e146b4e40 JavaThread "Daemon Thread 6" [_thread_blocked, id=18988, stack(0x0000004029f00000,0x000000402a000000)]
  0x0000018e146b78c0 JavaThread "Handler for socket connection from /127.0.0.1:62581 to /127.0.0.1:62719" [_thread_in_native, id=17492, stack(0x000000402a000000,0x000000402a100000)]
  0x0000018e146b9350 JavaThread "Cancel handler" [_thread_blocked, id=19204, stack(0x000000402a100000,0x000000402a200000)]
  0x0000018e146b7e10 JavaThread "Daemon worker Thread 4" [_thread_blocked, id=17964, stack(0x000000402ba00000,0x000000402bb00000)]
  0x0000018e146b8360 JavaThread "Asynchronous log dispatcher for DefaultDaemonConnection: socket connection from /127.0.0.1:62581 to /127.0.0.1:62719" [_thread_blocked, id=16556, stack(0x000000402bb00000,0x000000402bc00000)]
  0x0000018e146b88b0 JavaThread "Stdin handler" [_thread_blocked, id=18924, stack(0x000000402bc00000,0x000000402bd00000)]
  0x0000018e146ba340 JavaThread "Daemon client event forwarder" [_thread_blocked, id=17668, stack(0x000000402bd00000,0x000000402be00000)]
  0x0000018e146bade0 JavaThread "Cache worker for checksums cache (C:\Users\Minaver\Desktop\eduWise\.gradle\8.4\checksums)" [_thread_blocked, id=18376, stack(0x000000402be00000,0x000000402bf00000)]
  0x0000018e146bb330 JavaThread "Cache worker for file hash cache (C:\Users\Minaver\Desktop\eduWise\.gradle\8.4\fileHashes)" [_thread_blocked, id=18876, stack(0x000000402bf00000,0x000000402c000000)]
  0x0000018e13448590 JavaThread "Cache worker for cache directory md-supplier (C:\Users\Minaver\.gradle\caches\8.4\md-supplier)" [_thread_blocked, id=11872, stack(0x000000402c000000,0x000000402c100000)]
  0x0000018e134455c0 JavaThread "Cache worker for cache directory md-rule (C:\Users\Minaver\.gradle\caches\8.4\md-rule)" [_thread_blocked, id=17764, stack(0x000000402c600000,0x000000402c700000)]
  0x0000018e13447af0 JavaThread "Cache worker for dependencies-accessors (C:\Users\Minaver\Desktop\eduWise\.gradle\8.4\dependencies-accessors)" [_thread_blocked, id=15620, stack(0x000000402c700000,0x000000402c800000)]
  0x0000018e13448ae0 JavaThread "Cache worker for Build Output Cleanup Cache (C:\Users\Minaver\Desktop\eduWise\.gradle\buildOutputCleanup)" [_thread_blocked, id=16132, stack(0x000000402c800000,0x000000402c900000)]
  0x0000018e13449ad0 JavaThread "Unconstrained build operations" [_thread_blocked, id=17196, stack(0x000000402ca00000,0x000000402cb00000)]
  0x0000018e1344bab0 JavaThread "Unconstrained build operations Thread 2" [_thread_blocked, id=16628, stack(0x000000402d000000,0x000000402d100000)]
  0x0000018e134475a0 JavaThread "Unconstrained build operations Thread 3" [_thread_blocked, id=19248, stack(0x000000402d100000,0x000000402d200000)]
  0x0000018e1344a020 JavaThread "included builds" [_thread_blocked, id=19320, stack(0x000000402d200000,0x000000402d300000)]
  0x0000018e134465b0 JavaThread "Execution worker" [_thread_blocked, id=18336, stack(0x000000402d300000,0x000000402d400000)]
  0x0000018e1344aac0 JavaThread "Execution worker Thread 2" [_thread_blocked, id=18548, stack(0x000000402d400000,0x000000402d500000)]
  0x0000018e13446b00 JavaThread "Execution worker Thread 3" [_thread_blocked, id=18952, stack(0x000000402d600000,0x000000402d700000)]
  0x0000018e13445070 JavaThread "Cache worker for execution history cache (C:\Users\Minaver\Desktop\eduWise\.gradle\8.4\executionHistory)" [_thread_blocked, id=12264, stack(0x000000402d700000,0x000000402d800000)]
  0x0000018e1344c550 JavaThread "Unconstrained build operations Thread 4" [_thread_blocked, id=16980, stack(0x000000402d800000,0x000000402d900000)]
  0x0000018e13449030 JavaThread "Unconstrained build operations Thread 5" [_thread_blocked, id=16420, stack(0x000000402d900000,0x000000402da00000)]
  0x0000018e1344a570 JavaThread "Unconstrained build operations Thread 6" [_thread_blocked, id=18088, stack(0x000000402da00000,0x000000402db00000)]
  0x0000018e13445b10 JavaThread "Unconstrained build operations Thread 7" [_thread_blocked, id=19256, stack(0x000000402db00000,0x000000402dc00000)]
  0x0000018e13449580 JavaThread "Unconstrained build operations Thread 8" [_thread_blocked, id=19236, stack(0x000000402dc00000,0x000000402dd00000)]
  0x0000018e13446060 JavaThread "Unconstrained build operations Thread 9" [_thread_blocked, id=19244, stack(0x000000402dd00000,0x000000402de00000)]
  0x0000018e1344b560 JavaThread "Unconstrained build operations Thread 10" [_thread_blocked, id=17756, stack(0x000000402de00000,0x000000402df00000)]
  0x0000018e13448040 JavaThread "Unconstrained build operations Thread 11" [_thread_blocked, id=18448, stack(0x000000402df00000,0x000000402e000000)]
  0x0000018e1344b010 JavaThread "Unconstrained build operations Thread 12" [_thread_blocked, id=18364, stack(0x000000402e000000,0x000000402e100000)]
  0x0000018e1344c000 JavaThread "Unconstrained build operations Thread 13" [_thread_blocked, id=18384, stack(0x000000402e100000,0x000000402e200000)]
  0x0000018e1344caa0 JavaThread "Unconstrained build operations Thread 14" [_thread_blocked, id=16780, stack(0x000000402e200000,0x000000402e300000)]
  0x0000018e7ecdfb90 JavaThread "Unconstrained build operations Thread 15" [_thread_blocked, id=12072, stack(0x000000402e300000,0x000000402e400000)]
  0x0000018e7ece10d0 JavaThread "Unconstrained build operations Thread 16" [_thread_blocked, id=12600, stack(0x000000402e400000,0x000000402e500000)]
  0x0000018e7ece00e0 JavaThread "Unconstrained build operations Thread 17" [_thread_blocked, id=18204, stack(0x000000402e500000,0x000000402e600000)]
  0x0000018e7ecdeba0 JavaThread "Unconstrained build operations Thread 18" [_thread_blocked, id=5520, stack(0x000000402e600000,0x000000402e700000)]
  0x0000018e7ecde650 JavaThread "Unconstrained build operations Thread 19" [_thread_blocked, id=16204, stack(0x000000402e700000,0x000000402e800000)]
  0x0000018e7ece40a0 JavaThread "Unconstrained build operations Thread 20" [_thread_blocked, id=16272, stack(0x000000402e800000,0x000000402e900000)]
  0x0000018e7ecde100 JavaThread "Unconstrained build operations Thread 21" [_thread_blocked, id=9252, stack(0x000000402e900000,0x000000402ea00000)]
  0x0000018e7ece1b70 JavaThread "Unconstrained build operations Thread 22" [_thread_blocked, id=19068, stack(0x000000402ea00000,0x000000402eb00000)]
  0x0000018e7ece0630 JavaThread "Unconstrained build operations Thread 23" [_thread_blocked, id=18412, stack(0x000000402eb00000,0x000000402ec00000)]
  0x0000018e7ecdcbc0 JavaThread "Unconstrained build operations Thread 24" [_thread_blocked, id=18396, stack(0x000000402ec00000,0x000000402ed00000)]
  0x0000018e7ecdf0f0 JavaThread "Unconstrained build operations Thread 25" [_thread_blocked, id=18896, stack(0x000000402ed00000,0x000000402ee00000)]
  0x0000018e7ece1620 JavaThread "Unconstrained build operations Thread 26" [_thread_blocked, id=18900, stack(0x000000402ee00000,0x000000402ef00000)]
  0x0000018e7ece0b80 JavaThread "Unconstrained build operations Thread 27" [_thread_blocked, id=18908, stack(0x000000402ef00000,0x000000402f000000)]
  0x0000018e7ecdf640 JavaThread "Unconstrained build operations Thread 28" [_thread_blocked, id=18912, stack(0x000000402f000000,0x000000402f100000)]
  0x0000018e7ece20c0 JavaThread "Unconstrained build operations Thread 29" [_thread_blocked, id=19168, stack(0x000000402f100000,0x000000402f200000)]
  0x0000018e7ece2610 JavaThread "Unconstrained build operations Thread 30" [_thread_blocked, id=19172, stack(0x000000402f200000,0x000000402f300000)]
  0x0000018e7ece2b60 JavaThread "Unconstrained build operations Thread 31" [_thread_blocked, id=17568, stack(0x000000402f300000,0x000000402f400000)]
  0x0000018e7ecdd110 JavaThread "Unconstrained build operations Thread 32" [_thread_blocked, id=19032, stack(0x000000402f400000,0x000000402f500000)]
  0x0000018e7ece3600 JavaThread "Unconstrained build operations Thread 33" [_thread_blocked, id=17600, stack(0x000000402f500000,0x000000402f600000)]
  0x0000018e7ece45f0 JavaThread "Unconstrained build operations Thread 34" [_thread_blocked, id=19016, stack(0x000000402f600000,0x000000402f700000)]
  0x0000018e7ecddbb0 JavaThread "Unconstrained build operations Thread 35" [_thread_blocked, id=17024, stack(0x000000402f700000,0x000000402f800000)]
  0x0000018e148769d0 JavaThread "Unconstrained build operations Thread 36" [_thread_blocked, id=18800, stack(0x000000402f800000,0x000000402f900000)]
  0x0000018e1487aee0 JavaThread "Unconstrained build operations Thread 37" [_thread_blocked, id=16520, stack(0x000000402f900000,0x000000402fa00000)]
  0x0000018e14878f00 JavaThread "Unconstrained build operations Thread 38" [_thread_blocked, id=17604, stack(0x000000402fa00000,0x000000402fb00000)]
  0x0000018e148759e0 JavaThread "Unconstrained build operations Thread 39" [_thread_blocked, id=16524, stack(0x000000402fb00000,0x000000402fc00000)]
  0x0000018e148744a0 JavaThread "Unconstrained build operations Thread 40" [_thread_blocked, id=19212, stack(0x000000402fc00000,0x000000402fd00000)]

Other Threads:
=>0x0000018e7d7d9350 VMThread "VM Thread" [stack: 0x000000402a800000,0x000000402a900000] [id=8056]
  0x0000018e7271dcb0 WatcherThread "VM Periodic Task Thread" [stack: 0x000000402b300000,0x000000402b400000] [id=1292]
  0x0000018e7274de60 WorkerThread "GC Thread#0" [stack: 0x000000402a300000,0x000000402a400000] [id=5908]
  0x0000018e7dd3dff0 WorkerThread "GC Thread#1" [stack: 0x000000402b400000,0x000000402b500000] [id=6124]
  0x0000018e7df5ddc0 WorkerThread "GC Thread#2" [stack: 0x000000402b500000,0x000000402b600000] [id=8556]
  0x0000018e7df5e090 WorkerThread "GC Thread#3" [stack: 0x000000402b600000,0x000000402b700000] [id=7764]
  0x0000018e72752c80 ConcurrentGCThread "G1 Main Marker" [stack: 0x000000402a400000,0x000000402a500000] [id=1724]
  0x0000018e72753760 WorkerThread "G1 Conc#0" [stack: 0x000000402a500000,0x000000402a600000] [id=9468]
  0x0000018e7d695130 ConcurrentGCThread "G1 Refine#0" [stack: 0x000000402a600000,0x000000402a700000] [id=10648]
  0x0000018e7d695880 ConcurrentGCThread "G1 Service" [stack: 0x000000402a700000,0x000000402a800000] [id=12228]

Threads with active compile tasks:

VM state: at safepoint (normal execution)

VM Mutex/Monitor currently owned by a thread:  ([mutex/lock_event])
[0x0000018e72718910] Threads_lock - owner thread: 0x0000018e7d7d9350
[0x0000018e72719e70] Heap_lock - owner thread: 0x0000018e13090390

Heap address: 0x00000000e0000000, size: 512 MB, Compressed Oops mode: 32-bit

CDS archive(s) mapped at: [0x0000000800000000-0x0000000800c60000-0x0000000800c60000), size 12976128, SharedBaseAddress: 0x0000000800000000, ArchiveRelocationMode: 0.
Compressed class space mapped at: 0x0000000801000000-0x0000000814400000, reserved size: 322961408
Narrow klass base: 0x0000000800000000, Narrow klass shift: 0, Narrow klass range: 0x100000000

GC Precious Log:
 CardTable entry size: 512
 Card Set container configuration: InlinePtr #cards 5 size 8 Array Of Cards #cards 12 size 40 Howl #buckets 4 coarsen threshold 1843 Howl Bitmap #cards 512 size 80 coarsen threshold 460 Card regions per heap region 1 cards per card region 2048
 CPUs: 4 total, 4 available
 Memory: 3969M
 Large Page Support: Disabled
 NUMA Support: Disabled
 Compressed Oops: Enabled (32-bit)
 Heap Region Size: 1M
 Heap Min Capacity: 256M
 Heap Initial Capacity: 256M
 Heap Max Capacity: 512M
 Pre-touch: Disabled
 Parallel Workers: 4
 Concurrent Workers: 1
 Concurrent Refinement Workers: 4
 Periodic GC: Disabled

Heap:
 garbage-first heap   total 262144K, used 117722K [0x00000000e0000000, 0x0000000100000000)
  region size 1024K, 3 young (3072K), 3 survivors (3072K)
 Metaspace       used 71396K, committed 75200K, reserved 380928K
  class space    used 9205K, committed 10688K, reserved 315392K

Heap Regions: E=young(eden), S=young(survivor), O=old, HS=humongous(starts), HC=humongous(continues), CS=collection set, F=free, OA=open archive, CA=closed archive, TAMS=top-at-mark-start, PB=parsable bottom
|   0|0x00000000e0000000, 0x00000000e0100000, 0x00000000e0100000|100%| O|  |TAMS 0x00000000e0100000| PB 0x00000000e0000000| Untracked 
|   1|0x00000000e0100000, 0x00000000e0200000, 0x00000000e0200000|100%| O|  |TAMS 0x00000000e0200000| PB 0x00000000e0100000| Updating 
|   2|0x00000000e0200000, 0x00000000e0300000, 0x00000000e0300000|100%|HS|  |TAMS 0x00000000e0300000| PB 0x00000000e0200000| Complete 
|   3|0x00000000e0300000, 0x00000000e0400000, 0x00000000e0400000|100%|HC|  |TAMS 0x00000000e0400000| PB 0x00000000e0300000| Complete 
|   4|0x00000000e0400000, 0x00000000e0500000, 0x00000000e0500000|100%|HC|  |TAMS 0x00000000e0500000| PB 0x00000000e0400000| Complete 
|   5|0x00000000e0500000, 0x00000000e0600000, 0x00000000e0600000|100%|HC|  |TAMS 0x00000000e0600000| PB 0x00000000e0500000| Complete 
|   6|0x00000000e0600000, 0x00000000e0700000, 0x00000000e0700000|100%| O|  |TAMS 0x00000000e0700000| PB 0x00000000e0600000| Updating 
|   7|0x00000000e0700000, 0x00000000e0800000, 0x00000000e0800000|100%| O|  |TAMS 0x00000000e0800000| PB 0x00000000e0700000| Untracked 
|   8|0x00000000e0800000, 0x00000000e0900000, 0x00000000e0900000|100%| O|  |TAMS 0x00000000e0900000| PB 0x00000000e0800000| Untracked 
|   9|0x00000000e0900000, 0x00000000e0a00000, 0x00000000e0a00000|100%| O|  |TAMS 0x00000000e0a00000| PB 0x00000000e0900000| Untracked 
|  10|0x00000000e0a00000, 0x00000000e0b00000, 0x00000000e0b00000|100%| O|  |TAMS 0x00000000e0b00000| PB 0x00000000e0a00000| Updating 
|  11|0x00000000e0b00000, 0x00000000e0c00000, 0x00000000e0c00000|100%| O|  |TAMS 0x00000000e0c00000| PB 0x00000000e0b00000| Untracked 
|  12|0x00000000e0c00000, 0x00000000e0d00000, 0x00000000e0d00000|100%| O|  |TAMS 0x00000000e0d00000| PB 0x00000000e0c00000| Untracked 
|  13|0x00000000e0d00000, 0x00000000e0e00000, 0x00000000e0e00000|100%| O|  |TAMS 0x00000000e0e00000| PB 0x00000000e0d00000| Updating 
|  14|0x00000000e0e00000, 0x00000000e0f00000, 0x00000000e0f00000|100%| O|  |TAMS 0x00000000e0f00000| PB 0x00000000e0e00000| Updating 
|  15|0x00000000e0f00000, 0x00000000e1000000, 0x00000000e1000000|100%| O|  |TAMS 0x00000000e1000000| PB 0x00000000e0f00000| Updating 
|  16|0x00000000e1000000, 0x00000000e1100000, 0x00000000e1100000|100%| O|  |TAMS 0x00000000e1100000| PB 0x00000000e1000000| Untracked 
|  17|0x00000000e1100000, 0x00000000e1200000, 0x00000000e1200000|100%| O|  |TAMS 0x00000000e1200000| PB 0x00000000e1100000| Untracked 
|  18|0x00000000e1200000, 0x00000000e1300000, 0x00000000e1300000|100%| O|  |TAMS 0x00000000e1300000| PB 0x00000000e1200000| Untracked 
|  19|0x00000000e1300000, 0x00000000e1400000, 0x00000000e1400000|100%| O|  |TAMS 0x00000000e1400000| PB 0x00000000e1300000| Untracked 
|  20|0x00000000e1400000, 0x00000000e1500000, 0x00000000e1500000|100%| O|  |TAMS 0x00000000e1500000| PB 0x00000000e1400000| Untracked 
|  21|0x00000000e1500000, 0x00000000e1600000, 0x00000000e1600000|100%| O|  |TAMS 0x00000000e1600000| PB 0x00000000e1500000| Updating 
|  22|0x00000000e1600000, 0x00000000e1700000, 0x00000000e1700000|100%|HS|  |TAMS 0x00000000e1700000| PB 0x00000000e1600000| Complete 
|  23|0x00000000e1700000, 0x00000000e1800000, 0x00000000e1800000|100%| O|  |TAMS 0x00000000e1800000| PB 0x00000000e1700000| Updating 
|  24|0x00000000e1800000, 0x00000000e1900000, 0x00000000e1900000|100%| O|  |TAMS 0x00000000e1900000| PB 0x00000000e1800000| Updating 
|  25|0x00000000e1900000, 0x00000000e1a00000, 0x00000000e1a00000|100%| O|  |TAMS 0x00000000e1a00000| PB 0x00000000e1900000| Updating 
|  26|0x00000000e1a00000, 0x00000000e1b00000, 0x00000000e1b00000|100%| O|  |TAMS 0x00000000e1b00000| PB 0x00000000e1a00000| Updating 
|  27|0x00000000e1b00000, 0x00000000e1c00000, 0x00000000e1c00000|100%| O|  |TAMS 0x00000000e1c00000| PB 0x00000000e1b00000| Updating 
|  28|0x00000000e1c00000, 0x00000000e1d00000, 0x00000000e1d00000|100%| O|  |TAMS 0x00000000e1d00000| PB 0x00000000e1c00000| Updating 
|  29|0x00000000e1d00000, 0x00000000e1e00000, 0x00000000e1e00000|100%| O|  |TAMS 0x00000000e1e00000| PB 0x00000000e1d00000| Updating 
|  30|0x00000000e1e00000, 0x00000000e1f00000, 0x00000000e1f00000|100%| O|  |TAMS 0x00000000e1f00000| PB 0x00000000e1e00000| Updating 
|  31|0x00000000e1f00000, 0x00000000e2000000, 0x00000000e2000000|100%| O|  |TAMS 0x00000000e2000000| PB 0x00000000e1f00000| Untracked 
|  32|0x00000000e2000000, 0x00000000e2100000, 0x00000000e2100000|100%| O|  |TAMS 0x00000000e2100000| PB 0x00000000e2100000| Updating 
|  33|0x00000000e2100000, 0x00000000e2200000, 0x00000000e2200000|100%| O|  |TAMS 0x00000000e2200000| PB 0x00000000e2200000| Untracked 
|  34|0x00000000e2200000, 0x00000000e2300000, 0x00000000e2300000|100%| O|  |TAMS 0x00000000e2300000| PB 0x00000000e2300000| Updating 
|  35|0x00000000e2300000, 0x00000000e2400000, 0x00000000e2400000|100%| O|  |TAMS 0x00000000e2400000| PB 0x00000000e2400000| Updating 
|  36|0x00000000e2400000, 0x00000000e2500000, 0x00000000e2500000|100%| O|  |TAMS 0x00000000e2400000| PB 0x00000000e2400000| Untracked 
|  37|0x00000000e2500000, 0x00000000e2600000, 0x00000000e2600000|100%| O|  |TAMS 0x00000000e2600000| PB 0x00000000e2600000| Updating 
|  38|0x00000000e2600000, 0x00000000e2700000, 0x00000000e2700000|100%| O|  |TAMS 0x00000000e2700000| PB 0x00000000e2700000| Updating 
|  39|0x00000000e2700000, 0x00000000e2800000, 0x00000000e2800000|100%| O|  |TAMS 0x00000000e2800000| PB 0x00000000e2800000| Updating 
|  40|0x00000000e2800000, 0x00000000e2900000, 0x00000000e2900000|100%| O|  |TAMS 0x00000000e2900000| PB 0x00000000e2900000| Untracked 
|  41|0x00000000e2900000, 0x00000000e2a00000, 0x00000000e2a00000|100%| O|  |TAMS 0x00000000e29c9e00| PB 0x00000000e29c9e00| Updating 
|  42|0x00000000e2a00000, 0x00000000e2b00000, 0x00000000e2b00000|100%| O|  |TAMS 0x00000000e2b00000| PB 0x00000000e2b00000| Updating 
|  43|0x00000000e2b00000, 0x00000000e2c00000, 0x00000000e2c00000|100%| O|  |TAMS 0x00000000e2c00000| PB 0x00000000e2c00000| Updating 
|  44|0x00000000e2c00000, 0x00000000e2d00000, 0x00000000e2d00000|100%| O|  |TAMS 0x00000000e2d00000| PB 0x00000000e2d00000| Updating 
|  45|0x00000000e2d00000, 0x00000000e2e00000, 0x00000000e2e00000|100%| O|  |TAMS 0x00000000e2e00000| PB 0x00000000e2e00000| Updating 
|  46|0x00000000e2e00000, 0x00000000e2f00000, 0x00000000e2f00000|100%| O|  |TAMS 0x00000000e2f00000| PB 0x00000000e2f00000| Updating 
|  47|0x00000000e2f00000, 0x00000000e3000000, 0x00000000e3000000|100%| O|  |TAMS 0x00000000e3000000| PB 0x00000000e3000000| Updating 
|  48|0x00000000e3000000, 0x00000000e3100000, 0x00000000e3100000|100%| O|  |TAMS 0x00000000e3100000| PB 0x00000000e3100000| Updating 
|  49|0x00000000e3100000, 0x00000000e3200000, 0x00000000e3200000|100%| O|  |TAMS 0x00000000e3200000| PB 0x00000000e3200000| Updating 
|  50|0x00000000e3200000, 0x00000000e3300000, 0x00000000e3300000|100%| O|  |TAMS 0x00000000e3300000| PB 0x00000000e3300000| Updating 
|  51|0x00000000e3300000, 0x00000000e3400000, 0x00000000e3400000|100%| O|  |TAMS 0x00000000e3400000| PB 0x00000000e3400000| Untracked 
|  52|0x00000000e3400000, 0x00000000e3500000, 0x00000000e3500000|100%| O|  |TAMS 0x00000000e3500000| PB 0x00000000e3500000| Untracked 
|  53|0x00000000e3500000, 0x00000000e3600000, 0x00000000e3600000|100%| O|  |TAMS 0x00000000e3600000| PB 0x00000000e3600000| Updating 
|  54|0x00000000e3600000, 0x00000000e3700000, 0x00000000e3700000|100%| O|  |TAMS 0x00000000e3700000| PB 0x00000000e3700000| Untracked 
|  55|0x00000000e3700000, 0x00000000e3800000, 0x00000000e3800000|100%| O|  |TAMS 0x00000000e3800000| PB 0x00000000e3800000| Updating 
|  56|0x00000000e3800000, 0x00000000e3900000, 0x00000000e3900000|100%| O|  |TAMS 0x00000000e3900000| PB 0x00000000e3900000| Updating 
|  57|0x00000000e3900000, 0x00000000e3a00000, 0x00000000e3a00000|100%| O|  |TAMS 0x00000000e3a00000| PB 0x00000000e3a00000| Updating 
|  58|0x00000000e3a00000, 0x00000000e3b00000, 0x00000000e3b00000|100%| O|  |TAMS 0x00000000e3b00000| PB 0x00000000e3b00000| Updating 
|  59|0x00000000e3b00000, 0x00000000e3c00000, 0x00000000e3c00000|100%| O|  |TAMS 0x00000000e3b00000| PB 0x00000000e3b00000| Untracked 
|  60|0x00000000e3c00000, 0x00000000e3d00000, 0x00000000e3d00000|100%| O|  |TAMS 0x00000000e3d00000| PB 0x00000000e3d00000| Updating 
|  61|0x00000000e3d00000, 0x00000000e3e00000, 0x00000000e3e00000|100%| O|  |TAMS 0x00000000e3e00000| PB 0x00000000e3e00000| Updating 
|  62|0x00000000e3e00000, 0x00000000e3f00000, 0x00000000e3f00000|100%| O|  |TAMS 0x00000000e3f00000| PB 0x00000000e3f00000| Updating 
|  63|0x00000000e3f00000, 0x00000000e4000000, 0x00000000e4000000|100%| O|  |TAMS 0x00000000e4000000| PB 0x00000000e4000000| Untracked 
|  64|0x00000000e4000000, 0x00000000e4100000, 0x00000000e4100000|100%| O|  |TAMS 0x00000000e4100000| PB 0x00000000e4100000| Untracked 
|  65|0x00000000e4100000, 0x00000000e4200000, 0x00000000e4200000|100%| O|  |TAMS 0x00000000e4200000| PB 0x00000000e4200000| Updating 
|  66|0x00000000e4200000, 0x00000000e4300000, 0x00000000e4300000|100%| O|  |TAMS 0x00000000e4300000| PB 0x00000000e4300000| Updating 
|  67|0x00000000e4300000, 0x00000000e4400000, 0x00000000e4400000|100%| O|  |TAMS 0x00000000e4400000| PB 0x00000000e4400000| Updating 
|  68|0x00000000e4400000, 0x00000000e4500000, 0x00000000e4500000|100%| O|  |TAMS 0x00000000e4500000| PB 0x00000000e4500000| Updating 
|  69|0x00000000e4500000, 0x00000000e4600000, 0x00000000e4600000|100%| O|  |TAMS 0x00000000e4600000| PB 0x00000000e4600000| Updating 
|  70|0x00000000e4600000, 0x00000000e4700000, 0x00000000e4700000|100%| O|  |TAMS 0x00000000e4600000| PB 0x00000000e4600000| Untracked 
|  71|0x00000000e4700000, 0x00000000e4800000, 0x00000000e4800000|100%| O|  |TAMS 0x00000000e4800000| PB 0x00000000e4800000| Updating 
|  72|0x00000000e4800000, 0x00000000e4900000, 0x00000000e4900000|100%| O|  |TAMS 0x00000000e4900000| PB 0x00000000e4900000| Updating 
|  73|0x00000000e4900000, 0x00000000e4a00000, 0x00000000e4a00000|100%| O|  |TAMS 0x00000000e4a00000| PB 0x00000000e4a00000| Updating 
|  74|0x00000000e4a00000, 0x00000000e4b00000, 0x00000000e4b00000|100%| O|  |TAMS 0x00000000e4b00000| PB 0x00000000e4b00000| Updating 
|  75|0x00000000e4b00000, 0x00000000e4c00000, 0x00000000e4c00000|100%| O|  |TAMS 0x00000000e4c00000| PB 0x00000000e4c00000| Updating 
|  76|0x00000000e4c00000, 0x00000000e4d00000, 0x00000000e4d00000|100%| O|  |TAMS 0x00000000e4c00000| PB 0x00000000e4c00000| Untracked 
|  77|0x00000000e4d00000, 0x00000000e4e00000, 0x00000000e4e00000|100%| O|  |TAMS 0x00000000e4e00000| PB 0x00000000e4e00000| Updating 
|  78|0x00000000e4e00000, 0x00000000e4f00000, 0x00000000e4f00000|100%|HS|  |TAMS 0x00000000e4f00000| PB 0x00000000e4e00000| Complete 
|  79|0x00000000e4f00000, 0x00000000e5000000, 0x00000000e5000000|100%| O|  |TAMS 0x00000000e5000000| PB 0x00000000e5000000| Updating 
|  80|0x00000000e5000000, 0x00000000e5100000, 0x00000000e5100000|100%| O|  |TAMS 0x00000000e5100000| PB 0x00000000e5100000| Updating 
|  81|0x00000000e5100000, 0x00000000e5200000, 0x00000000e5200000|100%| O|  |TAMS 0x00000000e5100000| PB 0x00000000e5100000| Untracked 
|  82|0x00000000e5200000, 0x00000000e5300000, 0x00000000e5300000|100%| O|  |TAMS 0x00000000e5300000| PB 0x00000000e5300000| Updating 
|  83|0x00000000e5300000, 0x00000000e5400000, 0x00000000e5400000|100%| O|  |TAMS 0x00000000e5400000| PB 0x00000000e5400000| Updating 
|  84|0x00000000e5400000, 0x00000000e5500000, 0x00000000e5500000|100%| O|  |TAMS 0x00000000e5500000| PB 0x00000000e5500000| Updating 
|  85|0x00000000e5500000, 0x00000000e5600000, 0x00000000e5600000|100%| O|  |TAMS 0x00000000e5600000| PB 0x00000000e5600000| Updating 
|  86|0x00000000e5600000, 0x00000000e5700000, 0x00000000e5700000|100%| O|  |TAMS 0x00000000e5700000| PB 0x00000000e5700000| Updating 
|  87|0x00000000e5700000, 0x00000000e5800000, 0x00000000e5800000|100%| O|  |TAMS 0x00000000e5800000| PB 0x00000000e5800000| Updating 
|  88|0x00000000e5800000, 0x00000000e5900000, 0x00000000e5900000|100%| O|  |TAMS 0x00000000e5800000| PB 0x00000000e5800000| Untracked 
|  89|0x00000000e5900000, 0x00000000e5a00000, 0x00000000e5a00000|100%| O|  |TAMS 0x00000000e5a00000| PB 0x00000000e5a00000| Updating 
|  90|0x00000000e5a00000, 0x00000000e5b00000, 0x00000000e5b00000|100%| O|  |TAMS 0x00000000e5a00000| PB 0x00000000e5a00000| Untracked 
|  91|0x00000000e5b00000, 0x00000000e5c00000, 0x00000000e5c00000|100%| O|  |TAMS 0x00000000e5c00000| PB 0x00000000e5c00000| Updating 
|  92|0x00000000e5c00000, 0x00000000e5d00000, 0x00000000e5d00000|100%| O|  |TAMS 0x00000000e5c00000| PB 0x00000000e5c00000| Untracked 
|  93|0x00000000e5d00000, 0x00000000e5e00000, 0x00000000e5e00000|100%| O|  |TAMS 0x00000000e5e00000| PB 0x00000000e5e00000| Updating 
|  94|0x00000000e5e00000, 0x00000000e5f00000, 0x00000000e5f00000|100%| O|  |TAMS 0x00000000e5f00000| PB 0x00000000e5f00000| Updating 
|  95|0x00000000e5f00000, 0x00000000e6000000, 0x00000000e6000000|100%| O|  |TAMS 0x00000000e6000000| PB 0x00000000e6000000| Updating 
|  96|0x00000000e6000000, 0x00000000e6100000, 0x00000000e6100000|100%| O|  |TAMS 0x00000000e6100000| PB 0x00000000e6100000| Updating 
|  97|0x00000000e6100000, 0x00000000e6200000, 0x00000000e6200000|100%| O|  |TAMS 0x00000000e6200000| PB 0x00000000e6200000| Updating 
|  98|0x00000000e6200000, 0x00000000e6300000, 0x00000000e6300000|100%| O|  |TAMS 0x00000000e6300000| PB 0x00000000e6300000| Updating 
|  99|0x00000000e6300000, 0x00000000e6400000, 0x00000000e6400000|100%| O|  |TAMS 0x00000000e6400000| PB 0x00000000e6400000| Updating 
| 100|0x00000000e6400000, 0x00000000e6500000, 0x00000000e6500000|100%| O|  |TAMS 0x00000000e6500000| PB 0x00000000e6500000| Updating 
| 101|0x00000000e6500000, 0x00000000e6600000, 0x00000000e6600000|100%| O|  |TAMS 0x00000000e6600000| PB 0x00000000e6600000| Updating 
| 102|0x00000000e6600000, 0x00000000e6700000, 0x00000000e6700000|100%| O|  |TAMS 0x00000000e6700000| PB 0x00000000e6700000| Updating 
| 103|0x00000000e6700000, 0x00000000e6800000, 0x00000000e6800000|100%| O|  |TAMS 0x00000000e6800000| PB 0x00000000e6800000| Updating 
| 104|0x00000000e6800000, 0x00000000e6900000, 0x00000000e6900000|100%| O|  |TAMS 0x00000000e6900000| PB 0x00000000e6900000| Updating 
| 105|0x00000000e6900000, 0x00000000e6a00000, 0x00000000e6a00000|100%| O|  |TAMS 0x00000000e6a00000| PB 0x00000000e6a00000| Updating 
| 106|0x00000000e6a00000, 0x00000000e6b00000, 0x00000000e6b00000|100%| O|  |TAMS 0x00000000e6b00000| PB 0x00000000e6b00000| Updating 
| 107|0x00000000e6b00000, 0x00000000e6c00000, 0x00000000e6c00000|100%| O|  |TAMS 0x00000000e6c00000| PB 0x00000000e6c00000| Updating 
| 108|0x00000000e6c00000, 0x00000000e6d00000, 0x00000000e6d00000|100%| O|  |TAMS 0x00000000e6d00000| PB 0x00000000e6d00000| Updating 
| 109|0x00000000e6d00000, 0x00000000e6e00000, 0x00000000e6e00000|100%| O|  |TAMS 0x00000000e6e00000| PB 0x00000000e6e00000| Updating 
| 110|0x00000000e6e00000, 0x00000000e6f00000, 0x00000000e6f00000|100%| O|  |TAMS 0x00000000e6e00000| PB 0x00000000e6e00000| Untracked 
| 111|0x00000000e6f00000, 0x00000000e7000000, 0x00000000e7000000|100%| O|  |TAMS 0x00000000e6f00000| PB 0x00000000e6f00000| Untracked 
| 112|0x00000000e7000000, 0x00000000e7087800, 0x00000000e7100000| 52%| O|  |TAMS 0x00000000e7000000| PB 0x00000000e7000000| Untracked 
| 113|0x00000000e7100000, 0x00000000e7100000, 0x00000000e7200000|  0%| F|  |TAMS 0x00000000e7100000| PB 0x00000000e7100000| Untracked 
| 114|0x00000000e7200000, 0x00000000e7200000, 0x00000000e7300000|  0%| F|  |TAMS 0x00000000e7200000| PB 0x00000000e7200000| Untracked 
| 115|0x00000000e7300000, 0x00000000e7300000, 0x00000000e7400000|  0%| F|  |TAMS 0x00000000e7300000| PB 0x00000000e7300000| Untracked 
| 116|0x00000000e7400000, 0x00000000e7400000, 0x00000000e7500000|  0%| F|  |TAMS 0x00000000e7400000| PB 0x00000000e7400000| Untracked 
| 117|0x00000000e7500000, 0x00000000e7500000, 0x00000000e7600000|  0%| F|  |TAMS 0x00000000e7500000| PB 0x00000000e7500000| Untracked 
| 118|0x00000000e7600000, 0x00000000e7600000, 0x00000000e7700000|  0%| F|  |TAMS 0x00000000e7600000| PB 0x00000000e7600000| Untracked 
| 119|0x00000000e7700000, 0x00000000e7700000, 0x00000000e7800000|  0%| F|  |TAMS 0x00000000e7700000| PB 0x00000000e7700000| Untracked 
| 120|0x00000000e7800000, 0x00000000e7800000, 0x00000000e7900000|  0%| F|  |TAMS 0x00000000e7800000| PB 0x00000000e7800000| Untracked 
| 121|0x00000000e7900000, 0x00000000e7900000, 0x00000000e7a00000|  0%| F|  |TAMS 0x00000000e7900000| PB 0x00000000e7900000| Untracked 
| 122|0x00000000e7a00000, 0x00000000e7a00000, 0x00000000e7b00000|  0%| F|  |TAMS 0x00000000e7a00000| PB 0x00000000e7a00000| Untracked 
| 123|0x00000000e7b00000, 0x00000000e7b00000, 0x00000000e7c00000|  0%| F|  |TAMS 0x00000000e7b00000| PB 0x00000000e7b00000| Untracked 
| 124|0x00000000e7c00000, 0x00000000e7c00000, 0x00000000e7d00000|  0%| F|  |TAMS 0x00000000e7c00000| PB 0x00000000e7c00000| Untracked 
| 125|0x00000000e7d00000, 0x00000000e7d00000, 0x00000000e7e00000|  0%| F|  |TAMS 0x00000000e7d00000| PB 0x00000000e7d00000| Untracked 
| 126|0x00000000e7e00000, 0x00000000e7e00000, 0x00000000e7f00000|  0%| F|  |TAMS 0x00000000e7e00000| PB 0x00000000e7e00000| Untracked 
| 127|0x00000000e7f00000, 0x00000000e7f00000, 0x00000000e8000000|  0%| F|  |TAMS 0x00000000e7f00000| PB 0x00000000e7f00000| Untracked 
| 128|0x00000000e8000000, 0x00000000e8000000, 0x00000000e8100000|  0%| F|  |TAMS 0x00000000e8000000| PB 0x00000000e8000000| Untracked 
| 129|0x00000000e8100000, 0x00000000e8100000, 0x00000000e8200000|  0%| F|  |TAMS 0x00000000e8100000| PB 0x00000000e8100000| Untracked 
| 130|0x00000000e8200000, 0x00000000e8200000, 0x00000000e8300000|  0%| F|  |TAMS 0x00000000e8200000| PB 0x00000000e8200000| Untracked 
| 131|0x00000000e8300000, 0x00000000e8300000, 0x00000000e8400000|  0%| F|  |TAMS 0x00000000e8300000| PB 0x00000000e8300000| Untracked 
| 132|0x00000000e8400000, 0x00000000e8400000, 0x00000000e8500000|  0%| F|  |TAMS 0x00000000e8400000| PB 0x00000000e8400000| Untracked 
| 133|0x00000000e8500000, 0x00000000e8500000, 0x00000000e8600000|  0%| F|  |TAMS 0x00000000e8500000| PB 0x00000000e8500000| Untracked 
| 134|0x00000000e8600000, 0x00000000e8600000, 0x00000000e8700000|  0%| F|  |TAMS 0x00000000e8600000| PB 0x00000000e8600000| Untracked 
| 135|0x00000000e8700000, 0x00000000e8700000, 0x00000000e8800000|  0%| F|  |TAMS 0x00000000e8700000| PB 0x00000000e8700000| Untracked 
| 136|0x00000000e8800000, 0x00000000e8800000, 0x00000000e8900000|  0%| F|  |TAMS 0x00000000e8800000| PB 0x00000000e8800000| Untracked 
| 137|0x00000000e8900000, 0x00000000e8900000, 0x00000000e8a00000|  0%| F|  |TAMS 0x00000000e8900000| PB 0x00000000e8900000| Untracked 
| 138|0x00000000e8a00000, 0x00000000e8a00000, 0x00000000e8b00000|  0%| F|  |TAMS 0x00000000e8a00000| PB 0x00000000e8a00000| Untracked 
| 139|0x00000000e8b00000, 0x00000000e8b00000, 0x00000000e8c00000|  0%| F|  |TAMS 0x00000000e8b00000| PB 0x00000000e8b00000| Untracked 
| 140|0x00000000e8c00000, 0x00000000e8c00000, 0x00000000e8d00000|  0%| F|  |TAMS 0x00000000e8c00000| PB 0x00000000e8c00000| Untracked 
| 141|0x00000000e8d00000, 0x00000000e8d00000, 0x00000000e8e00000|  0%| F|  |TAMS 0x00000000e8d00000| PB 0x00000000e8d00000| Untracked 
| 142|0x00000000e8e00000, 0x00000000e8e00000, 0x00000000e8f00000|  0%| F|  |TAMS 0x00000000e8e00000| PB 0x00000000e8e00000| Untracked 
| 143|0x00000000e8f00000, 0x00000000e8f00000, 0x00000000e9000000|  0%| F|  |TAMS 0x00000000e8f00000| PB 0x00000000e8f00000| Untracked 
| 144|0x00000000e9000000, 0x00000000e9000000, 0x00000000e9100000|  0%| F|  |TAMS 0x00000000e9000000| PB 0x00000000e9000000| Untracked 
| 145|0x00000000e9100000, 0x00000000e9100000, 0x00000000e9200000|  0%| F|  |TAMS 0x00000000e9100000| PB 0x00000000e9100000| Untracked 
| 146|0x00000000e9200000, 0x00000000e9200000, 0x00000000e9300000|  0%| F|  |TAMS 0x00000000e9200000| PB 0x00000000e9200000| Untracked 
| 147|0x00000000e9300000, 0x00000000e9300000, 0x00000000e9400000|  0%| F|  |TAMS 0x00000000e9300000| PB 0x00000000e9300000| Untracked 
| 148|0x00000000e9400000, 0x00000000e9400000, 0x00000000e9500000|  0%| F|  |TAMS 0x00000000e9400000| PB 0x00000000e9400000| Untracked 
| 149|0x00000000e9500000, 0x00000000e9500000, 0x00000000e9600000|  0%| F|  |TAMS 0x00000000e9500000| PB 0x00000000e9500000| Untracked 
| 150|0x00000000e9600000, 0x00000000e9600000, 0x00000000e9700000|  0%| F|  |TAMS 0x00000000e9600000| PB 0x00000000e9600000| Untracked 
| 151|0x00000000e9700000, 0x00000000e9700000, 0x00000000e9800000|  0%| F|  |TAMS 0x00000000e9700000| PB 0x00000000e9700000| Untracked 
| 152|0x00000000e9800000, 0x00000000e9800000, 0x00000000e9900000|  0%| F|  |TAMS 0x00000000e9800000| PB 0x00000000e9800000| Untracked 
| 153|0x00000000e9900000, 0x00000000e9900000, 0x00000000e9a00000|  0%| F|  |TAMS 0x00000000e9900000| PB 0x00000000e9900000| Untracked 
| 154|0x00000000e9a00000, 0x00000000e9a00000, 0x00000000e9b00000|  0%| F|  |TAMS 0x00000000e9a00000| PB 0x00000000e9a00000| Untracked 
| 155|0x00000000e9b00000, 0x00000000e9b00000, 0x00000000e9c00000|  0%| F|  |TAMS 0x00000000e9b00000| PB 0x00000000e9b00000| Untracked 
| 156|0x00000000e9c00000, 0x00000000e9c00000, 0x00000000e9d00000|  0%| F|  |TAMS 0x00000000e9c00000| PB 0x00000000e9c00000| Untracked 
| 157|0x00000000e9d00000, 0x00000000e9d00000, 0x00000000e9e00000|  0%| F|  |TAMS 0x00000000e9d00000| PB 0x00000000e9d00000| Untracked 
| 158|0x00000000e9e00000, 0x00000000e9e00000, 0x00000000e9f00000|  0%| F|  |TAMS 0x00000000e9e00000| PB 0x00000000e9e00000| Untracked 
| 159|0x00000000e9f00000, 0x00000000e9f00000, 0x00000000ea000000|  0%| F|  |TAMS 0x00000000e9f00000| PB 0x00000000e9f00000| Untracked 
| 160|0x00000000ea000000, 0x00000000ea000000, 0x00000000ea100000|  0%| F|  |TAMS 0x00000000ea000000| PB 0x00000000ea000000| Untracked 
| 161|0x00000000ea100000, 0x00000000ea100000, 0x00000000ea200000|  0%| F|  |TAMS 0x00000000ea100000| PB 0x00000000ea100000| Untracked 
| 162|0x00000000ea200000, 0x00000000ea200000, 0x00000000ea300000|  0%| F|  |TAMS 0x00000000ea200000| PB 0x00000000ea200000| Untracked 
| 163|0x00000000ea300000, 0x00000000ea300000, 0x00000000ea400000|  0%| F|  |TAMS 0x00000000ea300000| PB 0x00000000ea300000| Untracked 
| 164|0x00000000ea400000, 0x00000000ea400000, 0x00000000ea500000|  0%| F|  |TAMS 0x00000000ea400000| PB 0x00000000ea400000| Untracked 
| 165|0x00000000ea500000, 0x00000000ea500000, 0x00000000ea600000|  0%| F|  |TAMS 0x00000000ea500000| PB 0x00000000ea500000| Untracked 
| 166|0x00000000ea600000, 0x00000000ea600000, 0x00000000ea700000|  0%| F|  |TAMS 0x00000000ea600000| PB 0x00000000ea600000| Untracked 
| 167|0x00000000ea700000, 0x00000000ea700000, 0x00000000ea800000|  0%| F|  |TAMS 0x00000000ea700000| PB 0x00000000ea700000| Untracked 
| 168|0x00000000ea800000, 0x00000000ea800000, 0x00000000ea900000|  0%| F|  |TAMS 0x00000000ea800000| PB 0x00000000ea800000| Untracked 
| 169|0x00000000ea900000, 0x00000000ea900000, 0x00000000eaa00000|  0%| F|  |TAMS 0x00000000ea900000| PB 0x00000000ea900000| Untracked 
| 170|0x00000000eaa00000, 0x00000000eaa00000, 0x00000000eab00000|  0%| F|  |TAMS 0x00000000eaa00000| PB 0x00000000eaa00000| Untracked 
| 171|0x00000000eab00000, 0x00000000eab00000, 0x00000000eac00000|  0%| F|  |TAMS 0x00000000eab00000| PB 0x00000000eab00000| Untracked 
| 172|0x00000000eac00000, 0x00000000eac00000, 0x00000000ead00000|  0%| F|  |TAMS 0x00000000eac00000| PB 0x00000000eac00000| Untracked 
| 173|0x00000000ead00000, 0x00000000ead00000, 0x00000000eae00000|  0%| F|  |TAMS 0x00000000ead00000| PB 0x00000000ead00000| Untracked 
| 174|0x00000000eae00000, 0x00000000eae00000, 0x00000000eaf00000|  0%| F|  |TAMS 0x00000000eae00000| PB 0x00000000eae00000| Untracked 
| 175|0x00000000eaf00000, 0x00000000eaf00000, 0x00000000eb000000|  0%| F|  |TAMS 0x00000000eaf00000| PB 0x00000000eaf00000| Untracked 
| 176|0x00000000eb000000, 0x00000000eb000000, 0x00000000eb100000|  0%| F|  |TAMS 0x00000000eb000000| PB 0x00000000eb000000| Untracked 
| 177|0x00000000eb100000, 0x00000000eb100000, 0x00000000eb200000|  0%| F|  |TAMS 0x00000000eb100000| PB 0x00000000eb100000| Untracked 
| 178|0x00000000eb200000, 0x00000000eb200000, 0x00000000eb300000|  0%| F|  |TAMS 0x00000000eb200000| PB 0x00000000eb200000| Untracked 
| 179|0x00000000eb300000, 0x00000000eb300000, 0x00000000eb400000|  0%| F|  |TAMS 0x00000000eb300000| PB 0x00000000eb300000| Untracked 
| 180|0x00000000eb400000, 0x00000000eb400000, 0x00000000eb500000|  0%| F|  |TAMS 0x00000000eb400000| PB 0x00000000eb400000| Untracked 
| 181|0x00000000eb500000, 0x00000000eb500000, 0x00000000eb600000|  0%| F|  |TAMS 0x00000000eb500000| PB 0x00000000eb500000| Untracked 
| 182|0x00000000eb600000, 0x00000000eb600000, 0x00000000eb700000|  0%| F|  |TAMS 0x00000000eb600000| PB 0x00000000eb600000| Untracked 
| 183|0x00000000eb700000, 0x00000000eb700000, 0x00000000eb800000|  0%| F|  |TAMS 0x00000000eb700000| PB 0x00000000eb700000| Untracked 
| 184|0x00000000eb800000, 0x00000000eb800000, 0x00000000eb900000|  0%| F|  |TAMS 0x00000000eb800000| PB 0x00000000eb800000| Untracked 
| 185|0x00000000eb900000, 0x00000000eb900000, 0x00000000eba00000|  0%| F|  |TAMS 0x00000000eb900000| PB 0x00000000eb900000| Untracked 
| 186|0x00000000eba00000, 0x00000000eba00000, 0x00000000ebb00000|  0%| F|  |TAMS 0x00000000eba00000| PB 0x00000000eba00000| Untracked 
| 187|0x00000000ebb00000, 0x00000000ebb00000, 0x00000000ebc00000|  0%| F|  |TAMS 0x00000000ebb00000| PB 0x00000000ebb00000| Untracked 
| 188|0x00000000ebc00000, 0x00000000ebc00000, 0x00000000ebd00000|  0%| F|  |TAMS 0x00000000ebc00000| PB 0x00000000ebc00000| Untracked 
| 189|0x00000000ebd00000, 0x00000000ebd00000, 0x00000000ebe00000|  0%| F|  |TAMS 0x00000000ebd00000| PB 0x00000000ebd00000| Untracked 
| 190|0x00000000ebe00000, 0x00000000ebe00000, 0x00000000ebf00000|  0%| F|  |TAMS 0x00000000ebe00000| PB 0x00000000ebe00000| Untracked 
| 191|0x00000000ebf00000, 0x00000000ebf00000, 0x00000000ec000000|  0%| F|  |TAMS 0x00000000ebf00000| PB 0x00000000ebf00000| Untracked 
| 192|0x00000000ec000000, 0x00000000ec000000, 0x00000000ec100000|  0%| F|  |TAMS 0x00000000ec000000| PB 0x00000000ec000000| Untracked 
| 193|0x00000000ec100000, 0x00000000ec100000, 0x00000000ec200000|  0%| F|  |TAMS 0x00000000ec100000| PB 0x00000000ec100000| Untracked 
| 194|0x00000000ec200000, 0x00000000ec200000, 0x00000000ec300000|  0%| F|  |TAMS 0x00000000ec200000| PB 0x00000000ec200000| Untracked 
| 195|0x00000000ec300000, 0x00000000ec300000, 0x00000000ec400000|  0%| F|  |TAMS 0x00000000ec300000| PB 0x00000000ec300000| Untracked 
| 196|0x00000000ec400000, 0x00000000ec400000, 0x00000000ec500000|  0%| F|  |TAMS 0x00000000ec400000| PB 0x00000000ec400000| Untracked 
| 197|0x00000000ec500000, 0x00000000ec500000, 0x00000000ec600000|  0%| F|  |TAMS 0x00000000ec500000| PB 0x00000000ec500000| Untracked 
| 198|0x00000000ec600000, 0x00000000ec600000, 0x00000000ec700000|  0%| F|  |TAMS 0x00000000ec600000| PB 0x00000000ec600000| Untracked 
| 199|0x00000000ec700000, 0x00000000ec700000, 0x00000000ec800000|  0%| F|  |TAMS 0x00000000ec700000| PB 0x00000000ec700000| Untracked 
| 200|0x00000000ec800000, 0x00000000ec800000, 0x00000000ec900000|  0%| F|  |TAMS 0x00000000ec800000| PB 0x00000000ec800000| Untracked 
| 201|0x00000000ec900000, 0x00000000ec900000, 0x00000000eca00000|  0%| F|  |TAMS 0x00000000ec900000| PB 0x00000000ec900000| Untracked 
| 202|0x00000000eca00000, 0x00000000eca00000, 0x00000000ecb00000|  0%| F|  |TAMS 0x00000000eca00000| PB 0x00000000eca00000| Untracked 
| 203|0x00000000ecb00000, 0x00000000ecb00000, 0x00000000ecc00000|  0%| F|  |TAMS 0x00000000ecb00000| PB 0x00000000ecb00000| Untracked 
| 204|0x00000000ecc00000, 0x00000000ecc00000, 0x00000000ecd00000|  0%| F|  |TAMS 0x00000000ecc00000| PB 0x00000000ecc00000| Untracked 
| 205|0x00000000ecd00000, 0x00000000ecd00000, 0x00000000ece00000|  0%| F|  |TAMS 0x00000000ecd00000| PB 0x00000000ecd00000| Untracked 
| 206|0x00000000ece00000, 0x00000000ece00000, 0x00000000ecf00000|  0%| F|  |TAMS 0x00000000ece00000| PB 0x00000000ece00000| Untracked 
| 207|0x00000000ecf00000, 0x00000000ecf00000, 0x00000000ed000000|  0%| F|  |TAMS 0x00000000ecf00000| PB 0x00000000ecf00000| Untracked 
| 208|0x00000000ed000000, 0x00000000ed000000, 0x00000000ed100000|  0%| F|  |TAMS 0x00000000ed000000| PB 0x00000000ed000000| Untracked 
| 209|0x00000000ed100000, 0x00000000ed100000, 0x00000000ed200000|  0%| F|  |TAMS 0x00000000ed100000| PB 0x00000000ed100000| Untracked 
| 210|0x00000000ed200000, 0x00000000ed200000, 0x00000000ed300000|  0%| F|  |TAMS 0x00000000ed200000| PB 0x00000000ed200000| Untracked 
| 211|0x00000000ed300000, 0x00000000ed300000, 0x00000000ed400000|  0%| F|  |TAMS 0x00000000ed300000| PB 0x00000000ed300000| Untracked 
| 212|0x00000000ed400000, 0x00000000ed400000, 0x00000000ed500000|  0%| F|  |TAMS 0x00000000ed400000| PB 0x00000000ed400000| Untracked 
| 213|0x00000000ed500000, 0x00000000ed500000, 0x00000000ed600000|  0%| F|  |TAMS 0x00000000ed500000| PB 0x00000000ed500000| Untracked 
| 214|0x00000000ed600000, 0x00000000ed600000, 0x00000000ed700000|  0%| F|  |TAMS 0x00000000ed600000| PB 0x00000000ed600000| Untracked 
| 215|0x00000000ed700000, 0x00000000ed700000, 0x00000000ed800000|  0%| F|  |TAMS 0x00000000ed700000| PB 0x00000000ed700000| Untracked 
| 216|0x00000000ed800000, 0x00000000ed800000, 0x00000000ed900000|  0%| F|  |TAMS 0x00000000ed800000| PB 0x00000000ed800000| Untracked 
| 217|0x00000000ed900000, 0x00000000ed900000, 0x00000000eda00000|  0%| F|  |TAMS 0x00000000ed900000| PB 0x00000000ed900000| Untracked 
| 218|0x00000000eda00000, 0x00000000eda00000, 0x00000000edb00000|  0%| F|  |TAMS 0x00000000eda00000| PB 0x00000000eda00000| Untracked 
| 219|0x00000000edb00000, 0x00000000edb00000, 0x00000000edc00000|  0%| F|  |TAMS 0x00000000edb00000| PB 0x00000000edb00000| Untracked 
| 220|0x00000000edc00000, 0x00000000edc00000, 0x00000000edd00000|  0%| F|  |TAMS 0x00000000edc00000| PB 0x00000000edc00000| Untracked 
| 221|0x00000000edd00000, 0x00000000edd00000, 0x00000000ede00000|  0%| F|  |TAMS 0x00000000edd00000| PB 0x00000000edd00000| Untracked 
| 222|0x00000000ede00000, 0x00000000ede00000, 0x00000000edf00000|  0%| F|  |TAMS 0x00000000ede00000| PB 0x00000000ede00000| Untracked 
| 223|0x00000000edf00000, 0x00000000edf00000, 0x00000000ee000000|  0%| F|  |TAMS 0x00000000edf00000| PB 0x00000000edf00000| Untracked 
| 224|0x00000000ee000000, 0x00000000ee000000, 0x00000000ee100000|  0%| F|  |TAMS 0x00000000ee000000| PB 0x00000000ee000000| Untracked 
| 225|0x00000000ee100000, 0x00000000ee100000, 0x00000000ee200000|  0%| F|  |TAMS 0x00000000ee100000| PB 0x00000000ee100000| Untracked 
| 226|0x00000000ee200000, 0x00000000ee200000, 0x00000000ee300000|  0%| F|  |TAMS 0x00000000ee200000| PB 0x00000000ee200000| Untracked 
| 227|0x00000000ee300000, 0x00000000ee300000, 0x00000000ee400000|  0%| F|  |TAMS 0x00000000ee300000| PB 0x00000000ee300000| Untracked 
| 228|0x00000000ee400000, 0x00000000ee400000, 0x00000000ee500000|  0%| F|  |TAMS 0x00000000ee400000| PB 0x00000000ee400000| Untracked 
| 229|0x00000000ee500000, 0x00000000ee500000, 0x00000000ee600000|  0%| F|  |TAMS 0x00000000ee500000| PB 0x00000000ee500000| Untracked 
| 230|0x00000000ee600000, 0x00000000ee600000, 0x00000000ee700000|  0%| F|  |TAMS 0x00000000ee600000| PB 0x00000000ee600000| Untracked 
| 231|0x00000000ee700000, 0x00000000ee700000, 0x00000000ee800000|  0%| F|  |TAMS 0x00000000ee700000| PB 0x00000000ee700000| Untracked 
| 232|0x00000000ee800000, 0x00000000ee800000, 0x00000000ee900000|  0%| F|  |TAMS 0x00000000ee800000| PB 0x00000000ee800000| Untracked 
| 233|0x00000000ee900000, 0x00000000ee900000, 0x00000000eea00000|  0%| F|  |TAMS 0x00000000ee900000| PB 0x00000000ee900000| Untracked 
| 234|0x00000000eea00000, 0x00000000eea00000, 0x00000000eeb00000|  0%| F|  |TAMS 0x00000000eea00000| PB 0x00000000eea00000| Untracked 
| 235|0x00000000eeb00000, 0x00000000eeb00000, 0x00000000eec00000|  0%| F|  |TAMS 0x00000000eeb00000| PB 0x00000000eeb00000| Untracked 
| 236|0x00000000eec00000, 0x00000000eec00000, 0x00000000eed00000|  0%| F|  |TAMS 0x00000000eec00000| PB 0x00000000eec00000| Untracked 
| 237|0x00000000eed00000, 0x00000000eed00000, 0x00000000eee00000|  0%| F|  |TAMS 0x00000000eed00000| PB 0x00000000eed00000| Untracked 
| 238|0x00000000eee00000, 0x00000000eee00000, 0x00000000eef00000|  0%| F|  |TAMS 0x00000000eee00000| PB 0x00000000eee00000| Untracked 
| 239|0x00000000eef00000, 0x00000000eef00000, 0x00000000ef000000|  0%| F|  |TAMS 0x00000000eef00000| PB 0x00000000eef00000| Untracked 
| 240|0x00000000ef000000, 0x00000000ef000000, 0x00000000ef100000|  0%| F|  |TAMS 0x00000000ef000000| PB 0x00000000ef000000| Untracked 
| 241|0x00000000ef100000, 0x00000000ef100000, 0x00000000ef200000|  0%| F|  |TAMS 0x00000000ef100000| PB 0x00000000ef100000| Untracked 
| 242|0x00000000ef200000, 0x00000000ef200000, 0x00000000ef300000|  0%| F|  |TAMS 0x00000000ef200000| PB 0x00000000ef200000| Untracked 
| 243|0x00000000ef300000, 0x00000000ef300000, 0x00000000ef400000|  0%| F|  |TAMS 0x00000000ef300000| PB 0x00000000ef300000| Untracked 
| 244|0x00000000ef400000, 0x00000000ef46f1b0, 0x00000000ef500000| 43%| S|CS|TAMS 0x00000000ef400000| PB 0x00000000ef400000| Complete 
| 245|0x00000000ef500000, 0x00000000ef600000, 0x00000000ef600000|100%| S|CS|TAMS 0x00000000ef500000| PB 0x00000000ef500000| Complete 
| 246|0x00000000ef600000, 0x00000000ef700000, 0x00000000ef700000|100%| S|CS|TAMS 0x00000000ef600000| PB 0x00000000ef600000| Complete 
| 247|0x00000000ef700000, 0x00000000ef700000, 0x00000000ef800000|  0%| F|  |TAMS 0x00000000ef700000| PB 0x00000000ef700000| Untracked 
| 248|0x00000000ef800000, 0x00000000ef800000, 0x00000000ef900000|  0%| F|  |TAMS 0x00000000ef800000| PB 0x00000000ef800000| Untracked 
| 249|0x00000000ef900000, 0x00000000ef900000, 0x00000000efa00000|  0%| F|  |TAMS 0x00000000ef900000| PB 0x00000000ef900000| Untracked 
| 250|0x00000000efa00000, 0x00000000efa00000, 0x00000000efb00000|  0%| F|  |TAMS 0x00000000efa00000| PB 0x00000000efa00000| Untracked 
| 251|0x00000000efb00000, 0x00000000efb00000, 0x00000000efc00000|  0%| F|  |TAMS 0x00000000efb00000| PB 0x00000000efb00000| Untracked 
| 252|0x00000000efc00000, 0x00000000efc00000, 0x00000000efd00000|  0%| F|  |TAMS 0x00000000efc00000| PB 0x00000000efc00000| Untracked 
| 253|0x00000000efd00000, 0x00000000efd00000, 0x00000000efe00000|  0%| F|  |TAMS 0x00000000efd00000| PB 0x00000000efd00000| Untracked 
| 254|0x00000000efe00000, 0x00000000efe00000, 0x00000000eff00000|  0%| F|  |TAMS 0x00000000efe00000| PB 0x00000000efe00000| Untracked 
| 255|0x00000000eff00000, 0x00000000eff00000, 0x00000000f0000000|  0%| F|  |TAMS 0x00000000eff00000| PB 0x00000000eff00000| Untracked 

Card table byte_map: [0x0000018e7a7e0000,0x0000018e7a8e0000] _byte_map_base: 0x0000018e7a0e0000

Marking Bits: (CMBitMap*) 0x0000018e7274e3a0
 Bits: [0x0000018e7a9e0000, 0x0000018e7b1e0000)

Polling page: 0x0000018e704a0000

Metaspace:

Usage:
  Non-class:     60.73 MB used.
      Class:      8.99 MB used.
       Both:     69.72 MB used.

Virtual space:
  Non-class space:       64.00 MB reserved,      63.00 MB ( 98%) committed,  1 nodes.
      Class space:      308.00 MB reserved,      10.44 MB (  3%) committed,  1 nodes.
             Both:      372.00 MB reserved,      73.44 MB ( 20%) committed. 

Chunk freelists:
   Non-Class:  1.81 MB
       Class:  2.37 MB
        Both:  4.19 MB

MaxMetaspaceSize: 384.00 MB
CompressedClassSpaceSize: 308.00 MB
Initial GC threshold: 21.00 MB
Current GC threshold: 122.44 MB
CDS: on
MetaspaceReclaimPolicy: balanced
 - commit_granule_bytes: 65536.
 - commit_granule_words: 8192.
 - virtual_space_node_default_size: 8388608.
 - enlarge_chunks_in_place: 1.
 - new_chunks_are_fully_committed: 0.
 - uncommit_free_chunks: 1.
 - use_allocation_guard: 0.


Internal statistics:

num_allocs_failed_limit: 15.
num_arena_births: 4702.
num_arena_deaths: 2460.
num_vsnodes_births: 2.
num_vsnodes_deaths: 0.
num_space_committed: 1194.
num_space_uncommitted: 11.
num_chunks_returned_to_freelist: 3191.
num_chunks_taken_from_freelist: 9171.
num_chunk_merges: 1007.
num_chunk_splits: 5286.
num_chunks_enlarged: 3182.
num_inconsistent_stats: 0.

CodeHeap 'non-profiled nmethods': size=120000Kb used=9356Kb max_used=9725Kb free=110644Kb
 bounds [0x0000018e07ad0000, 0x0000018e08450000, 0x0000018e0f000000]
CodeHeap 'profiled nmethods': size=120000Kb used=28410Kb max_used=31641Kb free=91589Kb
 bounds [0x0000018e00000000, 0x0000018e01ef0000, 0x0000018e07530000]
CodeHeap 'non-nmethods': size=5760Kb used=2835Kb max_used=2925Kb free=2925Kb
 bounds [0x0000018e07530000, 0x0000018e07820000, 0x0000018e07ad0000]
 total_blobs=14426 nmethods=13530 adapters=804
 compilation: enabled
              stopped_count=0, restarted_count=0
 full_count=0

Compilation events (20 events):
Event: 953.702 Thread 0x0000018e7d960090 17738   !   3       io.spring.gradle.dependencymanagement.org.apache.maven.model.profile.activation.FileProfileActivator::isActive (246 bytes)
Event: 953.948 Thread 0x0000018e7d960090 nmethod 17738 0x0000018e003b5410 code [0x0000018e003b5840, 0x0000018e003b7548]
Event: 953.949 Thread 0x0000018e7d960090 17739       3       io.spring.gradle.dependencymanagement.org.apache.maven.model.profile.activation.JdkVersionProfileActivator::getRange (241 bytes)
Event: 954.091 Thread 0x0000018e7d960090 nmethod 17739 0x0000018e0087fd10 code [0x0000018e00880240, 0x0000018e00883170]
Event: 954.184 Thread 0x0000018e7d960090 17741       1       io.spring.gradle.dependencymanagement.org.apache.maven.model.building.ModelProblemCollectorRequest::getLocation (5 bytes)
Event: 954.184 Thread 0x0000018e7d960090 nmethod 17741 0x0000018e07b08d90 code [0x0000018e07b08f00, 0x0000018e07b08fc8]
Event: 954.185 Thread 0x0000018e7d960090 17742       1       io.spring.gradle.dependencymanagement.org.apache.maven.model.building.ModelProblemCollectorRequest::getMessage (5 bytes)
Event: 954.186 Thread 0x0000018e7d960090 nmethod 17742 0x0000018e07b0d610 code [0x0000018e07b0d780, 0x0000018e07b0d848]
Event: 954.186 Thread 0x0000018e7d960090 17743       1       io.spring.gradle.dependencymanagement.org.apache.maven.model.building.ModelProblemCollectorRequest::getSeverity (5 bytes)
Event: 954.191 Thread 0x0000018e7d960090 nmethod 17743 0x0000018e07b0e110 code [0x0000018e07b0e280, 0x0000018e07b0e348]
Event: 954.191 Thread 0x0000018e7d960090 17744       1       io.spring.gradle.dependencymanagement.org.apache.maven.model.building.ModelProblemCollectorRequest::getVersion (5 bytes)
Event: 954.191 Thread 0x0000018e7d960090 nmethod 17744 0x0000018e07b0f410 code [0x0000018e07b0f580, 0x0000018e07b0f648]
Event: 954.223 Thread 0x0000018e7d81bd90 17745       4       java.util.concurrent.ConcurrentHashMap$EntrySetView::iterator (34 bytes)
Event: 954.260 Thread 0x0000018e7d81bd90 nmethod 17745 0x0000018e07de6a90 code [0x0000018e07de6c20, 0x0000018e07de70a8]
Event: 954.260 Thread 0x0000018e7d81bd90 17746       4       java.util.concurrent.ConcurrentHashMap$EntryIterator::<init> (12 bytes)
Event: 954.278 Thread 0x0000018e7d81bd90 nmethod 17746 0x0000018e07cbff90 code [0x0000018e07cc0100, 0x0000018e07cc0660]
Event: 955.012 Thread 0x0000018e7d81bd90 17747       4       org.gradle.api.internal.artifacts.ivyservice.ivyresolve.BaseModuleComponentRepository::getName (10 bytes)
Event: 955.366 Thread 0x0000018e7d81bd90 nmethod 17747 0x0000018e07b32b90 code [0x0000018e07b32d00, 0x0000018e07b32df0]
Event: 955.772 Thread 0x0000018e7d960090 17748       3       io.spring.gradle.dependencymanagement.org.apache.maven.model.validation.DefaultModelValidator::validateStringNotEmpty (74 bytes)
Event: 955.773 Thread 0x0000018e7d960090 nmethod 17748 0x0000018e001ea390 code [0x0000018e001ea5e0, 0x0000018e001eae30]

GC Heap History (20 events):
Event: 780.031 GC heap after
{Heap after GC invocations=25 (full 0):
 garbage-first heap   total 262144K, used 102978K [0x00000000e0000000, 0x0000000100000000)
  region size 1024K, 7 young (7168K), 7 survivors (7168K)
 Metaspace       used 72695K, committed 74752K, reserved 380928K
  class space    used 9446K, committed 10752K, reserved 315392K
}
Event: 785.872 GC heap before
{Heap before GC invocations=26 (full 0):
 garbage-first heap   total 262144K, used 192066K [0x00000000e0000000, 0x0000000100000000)
  region size 1024K, 96 young (98304K), 7 survivors (7168K)
 Metaspace       used 70652K, committed 73600K, reserved 380928K
  class space    used 9190K, committed 10688K, reserved 315392K
}
Event: 786.031 GC heap after
{Heap after GC invocations=27 (full 0):
 garbage-first heap   total 262144K, used 111726K [0x00000000e0000000, 0x0000000100000000)
  region size 1024K, 12 young (12288K), 12 survivors (12288K)
 Metaspace       used 70652K, committed 73600K, reserved 380928K
  class space    used 9190K, committed 10688K, reserved 315392K
}
Event: 786.053 GC heap before
{Heap before GC invocations=27 (full 0):
 garbage-first heap   total 262144K, used 112750K [0x00000000e0000000, 0x0000000100000000)
  region size 1024K, 13 young (13312K), 12 survivors (12288K)
 Metaspace       used 70652K, committed 73600K, reserved 380928K
  class space    used 9190K, committed 10688K, reserved 315392K
}
Event: 786.135 GC heap after
{Heap after GC invocations=28 (full 0):
 garbage-first heap   total 262144K, used 109041K [0x00000000e0000000, 0x0000000100000000)
  region size 1024K, 2 young (2048K), 2 survivors (2048K)
 Metaspace       used 70652K, committed 73600K, reserved 380928K
  class space    used 9190K, committed 10688K, reserved 315392K
}
Event: 786.543 GC heap before
{Heap before GC invocations=28 (full 0):
 garbage-first heap   total 262144K, used 142833K [0x00000000e0000000, 0x0000000100000000)
  region size 1024K, 35 young (35840K), 2 survivors (2048K)
 Metaspace       used 70713K, committed 73600K, reserved 380928K
  class space    used 9190K, committed 10688K, reserved 315392K
}
Event: 786.555 GC heap after
{Heap after GC invocations=29 (full 0):
 garbage-first heap   total 262144K, used 105156K [0x00000000e0000000, 0x0000000100000000)
  region size 1024K, 1 young (1024K), 1 survivors (1024K)
 Metaspace       used 70713K, committed 73600K, reserved 380928K
  class space    used 9190K, committed 10688K, reserved 315392K
}
Event: 834.284 GC heap before
{Heap before GC invocations=29 (full 0):
 garbage-first heap   total 262144K, used 169668K [0x00000000e0000000, 0x0000000100000000)
  region size 1024K, 64 young (65536K), 1 survivors (1024K)
 Metaspace       used 70985K, committed 73664K, reserved 380928K
  class space    used 9199K, committed 10688K, reserved 315392K
}
Event: 834.467 GC heap after
{Heap after GC invocations=30 (full 0):
 garbage-first heap   total 262144K, used 105205K [0x00000000e0000000, 0x0000000100000000)
  region size 1024K, 6 young (6144K), 6 survivors (6144K)
 Metaspace       used 70985K, committed 73664K, reserved 380928K
  class space    used 9199K, committed 10688K, reserved 315392K
}
Event: 834.650 GC heap before
{Heap before GC invocations=30 (full 0):
 garbage-first heap   total 262144K, used 116469K [0x00000000e0000000, 0x0000000100000000)
  region size 1024K, 17 young (17408K), 6 survivors (6144K)
 Metaspace       used 70996K, committed 73664K, reserved 380928K
  class space    used 9200K, committed 10688K, reserved 315392K
}
Event: 834.743 GC heap after
{Heap after GC invocations=31 (full 0):
 garbage-first heap   total 262144K, used 102057K [0x00000000e0000000, 0x0000000100000000)
  region size 1024K, 2 young (2048K), 2 survivors (2048K)
 Metaspace       used 70996K, committed 73664K, reserved 380928K
  class space    used 9200K, committed 10688K, reserved 315392K
}
Event: 842.474 GC heap before
{Heap before GC invocations=31 (full 0):
 garbage-first heap   total 262144K, used 163497K [0x00000000e0000000, 0x0000000100000000)
  region size 1024K, 61 young (62464K), 2 survivors (2048K)
 Metaspace       used 71255K, committed 73664K, reserved 380928K
  class space    used 9207K, committed 10688K, reserved 315392K
}
Event: 842.565 GC heap after
{Heap after GC invocations=32 (full 0):
 garbage-first heap   total 262144K, used 107993K [0x00000000e0000000, 0x0000000100000000)
  region size 1024K, 8 young (8192K), 8 survivors (8192K)
 Metaspace       used 71255K, committed 73664K, reserved 380928K
  class space    used 9207K, committed 10688K, reserved 315392K
}
Event: 842.733 GC heap before
{Heap before GC invocations=32 (full 0):
 garbage-first heap   total 262144K, used 116185K [0x00000000e0000000, 0x0000000100000000)
  region size 1024K, 16 young (16384K), 8 survivors (8192K)
 Metaspace       used 71258K, committed 73664K, reserved 380928K
  class space    used 9207K, committed 10688K, reserved 315392K
}
Event: 842.785 GC heap after
{Heap after GC invocations=33 (full 0):
 garbage-first heap   total 262144K, used 108032K [0x00000000e0000000, 0x0000000100000000)
  region size 1024K, 2 young (2048K), 2 survivors (2048K)
 Metaspace       used 71258K, committed 73664K, reserved 380928K
  class space    used 9207K, committed 10688K, reserved 315392K
}
Event: 845.341 GC heap before
{Heap before GC invocations=33 (full 0):
 garbage-first heap   total 262144K, used 178688K [0x00000000e0000000, 0x0000000100000000)
  region size 1024K, 72 young (73728K), 2 survivors (2048K)
 Metaspace       used 72961K, committed 74880K, reserved 380928K
  class space    used 9401K, committed 10688K, reserved 315392K
}
Event: 845.414 GC heap after
{Heap after GC invocations=34 (full 0):
 garbage-first heap   total 262144K, used 112046K [0x00000000e0000000, 0x0000000100000000)
  region size 1024K, 7 young (7168K), 7 survivors (7168K)
 Metaspace       used 72961K, committed 74880K, reserved 380928K
  class space    used 9401K, committed 10688K, reserved 315392K
}
Event: 945.095 GC heap before
{Heap before GC invocations=34 (full 0):
 garbage-first heap   total 262144K, used 220590K [0x00000000e0000000, 0x0000000100000000)
  region size 1024K, 114 young (116736K), 7 survivors (7168K)
 Metaspace       used 73215K, committed 75200K, reserved 380928K
  class space    used 9411K, committed 10688K, reserved 315392K
}
Event: 945.368 GC heap after
{Heap after GC invocations=35 (full 0):
 garbage-first heap   total 262144K, used 116519K [0x00000000e0000000, 0x0000000100000000)
  region size 1024K, 11 young (11264K), 11 survivors (11264K)
 Metaspace       used 73215K, committed 75200K, reserved 380928K
  class space    used 9411K, committed 10688K, reserved 315392K
}
Event: 955.904 GC heap before
{Heap before GC invocations=35 (full 0):
 garbage-first heap   total 262144K, used 123687K [0x00000000e0000000, 0x0000000100000000)
  region size 1024K, 20 young (20480K), 11 survivors (11264K)
 Metaspace       used 71396K, committed 75200K, reserved 380928K
  class space    used 9205K, committed 10688K, reserved 315392K
}

Dll operation events (15 events):
Event: 0.024 Loaded shared library C:\Users\Minaver\.jdks\openjdk-20.0.1\bin\java.dll
Event: 0.041 Loaded shared library C:\Users\Minaver\.jdks\openjdk-20.0.1\bin\jsvml.dll
Event: 0.176 Loaded shared library C:\Users\Minaver\.jdks\openjdk-20.0.1\bin\zip.dll
Event: 0.183 Loaded shared library C:\Users\Minaver\.jdks\openjdk-20.0.1\bin\instrument.dll
Event: 0.191 Loaded shared library C:\Users\Minaver\.jdks\openjdk-20.0.1\bin\net.dll
Event: 0.195 Loaded shared library C:\Users\Minaver\.jdks\openjdk-20.0.1\bin\nio.dll
Event: 0.203 Loaded shared library C:\Users\Minaver\.jdks\openjdk-20.0.1\bin\zip.dll
Event: 0.756 Loaded shared library C:\Users\Minaver\.jdks\openjdk-20.0.1\bin\jimage.dll
Event: 0.999 Loaded shared library C:\Users\Minaver\.jdks\openjdk-20.0.1\bin\verify.dll
Event: 1.389 Loaded shared library C:\Users\Minaver\.gradle\native\c067742578af261105cb4f569cf0c3c89f3d7b1fecec35dd04571415982c5e48\windows-amd64\native-platform.dll
Event: 1.416 Loaded shared library C:\Users\Minaver\.gradle\native\38dada09dfb8b06ba9b0570ebf7e218e3eb74d4ef43ca46872605cf95ebc2f47\windows-amd64\native-platform-file-events.dll
Event: 4.555 Loaded shared library C:\Users\Minaver\.jdks\openjdk-20.0.1\bin\management.dll
Event: 4.625 Loaded shared library C:\Users\Minaver\.jdks\openjdk-20.0.1\bin\management_ext.dll
Event: 5.363 Loaded shared library C:\Users\Minaver\.jdks\openjdk-20.0.1\bin\extnet.dll
Event: 5.925 Loaded shared library C:\Users\Minaver\.jdks\openjdk-20.0.1\bin\sunmscapi.dll

Deoptimization events (20 events):
Event: 845.177 Thread 0x0000018e13448590 DEOPT PACKING pc=0x0000018e0012f5ab sp=0x000000402d4f7600
Event: 845.177 Thread 0x0000018e13448590 DEOPT UNPACKING pc=0x0000018e0759a4c2 sp=0x000000402d4f6a98 mode 0
Event: 845.942 Thread 0x0000018e13448590 Uncommon trap: trap_request=0xffffff45 fr.pc=0x0000018e07fd25e8 relative=0x00000000000012e8
Event: 845.942 Thread 0x0000018e13448590 Uncommon trap: reason=unstable_if action=reinterpret pc=0x0000018e07fd25e8 method=lombok.launch.PackageShader.apply([B)Z @ 190 c2
Event: 845.950 Thread 0x0000018e13448590 DEOPT PACKING pc=0x0000018e07fd25e8 sp=0x000000402d4f7f30
Event: 845.950 Thread 0x0000018e13448590 DEOPT UNPACKING pc=0x0000018e07599d22 sp=0x000000402d4f7f10 mode 2
Event: 845.953 Thread 0x0000018e13448590 Uncommon trap: trap_request=0xffffff45 fr.pc=0x0000018e07e47dfc relative=0x000000000000093c
Event: 845.953 Thread 0x0000018e13448590 Uncommon trap: reason=unstable_if action=reinterpret pc=0x0000018e07e47dfc method=lombok.launch.PackageShader.apply([B)Z @ 190 c2
Event: 845.953 Thread 0x0000018e13448590 DEOPT PACKING pc=0x0000018e07e47dfc sp=0x000000402d4f4870
Event: 845.953 Thread 0x0000018e13448590 DEOPT UNPACKING pc=0x0000018e07599d22 sp=0x000000402d4f47f0 mode 2
Event: 846.045 Thread 0x0000018e13448590 DEOPT PACKING pc=0x0000018e014731eb sp=0x000000402d4f8c00
Event: 846.045 Thread 0x0000018e13448590 DEOPT UNPACKING pc=0x0000018e0759a4c2 sp=0x000000402d4f8070 mode 0
Event: 940.692 Thread 0x0000018e1344bab0 Uncommon trap: trap_request=0xffffff45 fr.pc=0x0000018e081b3730 relative=0x0000000000000270
Event: 940.693 Thread 0x0000018e1344bab0 Uncommon trap: reason=unstable_if action=reinterpret pc=0x0000018e081b3730 method=org.gradle.internal.time.MonotonicClock.advance(J)J @ 25 c2
Event: 940.694 Thread 0x0000018e1344bab0 DEOPT PACKING pc=0x0000018e081b3730 sp=0x000000402d0fea70
Event: 940.695 Thread 0x0000018e1344bab0 DEOPT UNPACKING pc=0x0000018e07599d22 sp=0x000000402d0fe968 mode 2
Event: 940.768 Thread 0x0000018e7ecb4070 Uncommon trap: trap_request=0xffffff45 fr.pc=0x0000018e081d8508 relative=0x0000000000000388
Event: 940.770 Thread 0x0000018e7ecb4070 Uncommon trap: reason=unstable_if action=reinterpret pc=0x0000018e081d8508 method=java.util.concurrent.ConcurrentLinkedQueue.offer(Ljava/lang/Object;)Z @ 42 c2
Event: 940.770 Thread 0x0000018e7ecb4070 DEOPT PACKING pc=0x0000018e081d8508 sp=0x000000402cefdbd0
Event: 940.771 Thread 0x0000018e7ecb4070 DEOPT UNPACKING pc=0x0000018e07599d22 sp=0x000000402cefdb08 mode 2

Classes loaded (20 events):
Event: 761.269 Loading class sun/util/logging/internal/LoggingProviderImpl$JULWrapper
Event: 761.307 Loading class sun/util/logging/PlatformLogger$ConfigurableBridge$LoggerConfiguration
Event: 761.340 Loading class sun/util/logging/PlatformLogger$ConfigurableBridge$LoggerConfiguration done
Event: 761.341 Loading class sun/util/logging/internal/LoggingProviderImpl$JULWrapper done
Event: 761.543 Loading class java/io/ObjectInputFilter$Config$BuiltinFilterFactory
Event: 761.555 Loading class java/io/ObjectInputFilter$Config$BuiltinFilterFactory done
Event: 761.555 Loading class jdk/internal/access/JavaObjectInputFilterAccess
Event: 761.558 Loading class jdk/internal/access/JavaObjectInputFilterAccess done
Event: 761.567 Loading class java/lang/System$Logger$Level
Event: 761.578 Loading class java/lang/System$Logger$Level done
Event: 761.595 Loading class jdk/internal/event/DeserializationEvent
Event: 761.605 Loading class jdk/internal/event/DeserializationEvent done
Event: 761.685 Loading class java/io/ObjectInputStream$FieldValues
Event: 761.715 Loading class java/io/ObjectInputStream$GetField
Event: 761.717 Loading class java/io/ObjectInputStream$GetField done
Event: 761.718 Loading class java/io/ObjectInputStream$FieldValues done
Event: 783.350 Loading class jdk/internal/module/IllegalAccessLogger
Event: 783.358 Loading class jdk/internal/module/IllegalAccessLogger done
Event: 843.068 Loading class jdk/internal/module/IllegalAccessLogger
Event: 843.073 Loading class jdk/internal/module/IllegalAccessLogger done

Classes unloaded (20 events):
Event: 947.404 Thread 0x0000018e7d7d9350 Unloading class 0x0000000801a2dd70 'lombok/javac/apt/MessagerDiagnosticsReceiver'
Event: 947.404 Thread 0x0000018e7d7d9350 Unloading class 0x000000080185c000 'lombok/javac/apt/InterceptingJavaFileManager'
Event: 947.404 Thread 0x0000018e7d7d9350 Unloading class 0x0000000801a2db70 'lombok/permit/dummy/Parent'
Event: 947.404 Thread 0x0000018e7d7d9350 Unloading class 0x0000000801a2d960 'lombok/core/CleanupRegistry'
Event: 947.404 Thread 0x0000018e7d7d9350 Unloading class 0x0000000801a2d680 'lombok/javac/apt/LombokProcessor$1'
Event: 947.404 Thread 0x0000018e7d7d9350 Unloading class 0x0000000801a2d490 'lombok/core/DiagnosticsReceiver'
Event: 947.405 Thread 0x0000018e7d7d9350 Unloading class 0x0000000801a2d200 'lombok/javac/apt/LombokProcessor'
Event: 947.405 Thread 0x0000018e7d7d9350 Unloading class 0x0000000801a2d000 'lombok/permit/Permit$Fake'
Event: 947.406 Thread 0x0000018e7d7d9350 Unloading class 0x0000000801a72c58 'lombok/permit/Permit'
Event: 947.406 Thread 0x0000018e7d7d9350 Unloading class 0x0000000801a72a30 'lombok/core/AnnotationProcessor$EcjDescriptor'
Event: 947.406 Thread 0x0000018e7d7d9350 Unloading class 0x0000000801a72800 'lombok/core/AnnotationProcessor$JavacDescriptor'
Event: 947.406 Thread 0x0000018e7d7d9350 Unloading class 0x0000000801a49278 'lombok/core/AnnotationProcessor$ProcessorDescriptor'
Event: 947.406 Thread 0x0000018e7d7d9350 Unloading class 0x0000000801a49000 'lombok/core/AnnotationProcessor'
Event: 947.410 Thread 0x0000018e7d7d9350 Unloading class 0x0000000801a20000 'lombok/launch/AnnotationProcessorHider$AstModificationNotifierData'
Event: 947.412 Thread 0x0000018e7d7d9350 Unloading class 0x0000000801744488 'lombok/launch/AnnotationProcessorHider$ClaimingProcessor'
Event: 947.416 Thread 0x0000018e7d7d9350 Unloading class 0x0000000801744210 'lombok/launch/ClassFileMetaData'
Event: 947.418 Thread 0x0000018e7d7d9350 Unloading class 0x0000000801744000 'lombok/launch/PackageShader'
Event: 947.419 Thread 0x0000018e7d7d9350 Unloading class 0x0000000801754470 'lombok/launch/ShadowClassLoader'
Event: 947.419 Thread 0x0000018e7d7d9350 Unloading class 0x0000000801754278 'lombok/launch/Main'
Event: 947.420 Thread 0x0000018e7d7d9350 Unloading class 0x0000000801754000 'lombok/launch/AnnotationProcessorHider$AnnotationProcessor'

Classes redefined (0 events):
No events

Internal exceptions (20 events):
Event: 846.104 Thread 0x0000018e13448590 Exception <a 'sun/nio/fs/WindowsException'{0x00000000ed9ab8d0}> (0x00000000ed9ab8d0) 
thrown [s\open\src\hotspot\share\prims\jni.cpp, line 519]
Event: 846.104 Thread 0x0000018e13448590 Exception <a 'sun/nio/fs/WindowsException'{0x00000000ed9ac0e8}> (0x00000000ed9ac0e8) 
thrown [s\open\src\hotspot\share\prims\jni.cpp, line 519]
Event: 846.112 Thread 0x0000018e13448590 Exception <a 'sun/nio/fs/WindowsException'{0x00000000ed9eb808}> (0x00000000ed9eb808) 
thrown [s\open\src\hotspot\share\prims\jni.cpp, line 519]
Event: 846.112 Thread 0x0000018e13448590 Exception <a 'sun/nio/fs/WindowsException'{0x00000000ed9ecc48}> (0x00000000ed9ecc48) 
thrown [s\open\src\hotspot\share\prims\jni.cpp, line 519]
Event: 846.112 Thread 0x0000018e13448590 Exception <a 'sun/nio/fs/WindowsException'{0x00000000ed9ed4d0}> (0x00000000ed9ed4d0) 
thrown [s\open\src\hotspot\share\prims\jni.cpp, line 519]
Event: 846.121 Thread 0x0000018e13448590 Exception <a 'sun/nio/fs/WindowsException'{0x00000000ed803de0}> (0x00000000ed803de0) 
thrown [s\open\src\hotspot\share\prims\jni.cpp, line 519]
Event: 846.121 Thread 0x0000018e13448590 Exception <a 'sun/nio/fs/WindowsException'{0x00000000ed805208}> (0x00000000ed805208) 
thrown [s\open\src\hotspot\share\prims\jni.cpp, line 519]
Event: 846.121 Thread 0x0000018e13448590 Exception <a 'sun/nio/fs/WindowsException'{0x00000000ed805a18}> (0x00000000ed805a18) 
thrown [s\open\src\hotspot\share\prims\jni.cpp, line 519]
Event: 846.130 Thread 0x0000018e13448590 Exception <a 'sun/nio/fs/WindowsException'{0x00000000ed84b570}> (0x00000000ed84b570) 
thrown [s\open\src\hotspot\share\prims\jni.cpp, line 519]
Event: 846.130 Thread 0x0000018e13448590 Exception <a 'sun/nio/fs/WindowsException'{0x00000000ed84c9c0}> (0x00000000ed84c9c0) 
thrown [s\open\src\hotspot\share\prims\jni.cpp, line 519]
Event: 846.130 Thread 0x0000018e13448590 Exception <a 'sun/nio/fs/WindowsException'{0x00000000ed84d2a0}> (0x00000000ed84d2a0) 
thrown [s\open\src\hotspot\share\prims\jni.cpp, line 519]
Event: 846.138 Thread 0x0000018e13448590 Exception <a 'sun/nio/fs/WindowsException'{0x00000000ed865d88}> (0x00000000ed865d88) 
thrown [s\open\src\hotspot\share\prims\jni.cpp, line 519]
Event: 846.139 Thread 0x0000018e13448590 Exception <a 'sun/nio/fs/WindowsException'{0x00000000ed8671b8}> (0x00000000ed8671b8) 
thrown [s\open\src\hotspot\share\prims\jni.cpp, line 519]
Event: 846.139 Thread 0x0000018e13448590 Exception <a 'sun/nio/fs/WindowsException'{0x00000000ed8679e8}> (0x00000000ed8679e8) 
thrown [s\open\src\hotspot\share\prims\jni.cpp, line 519]
Event: 939.636 Thread 0x0000018e146b7e10 Exception <a 'sun/nio/fs/WindowsException'{0x00000000ecc88668}> (0x00000000ecc88668) 
thrown [s\open\src\hotspot\share\prims\jni.cpp, line 519]
Event: 939.648 Thread 0x0000018e146b7e10 Exception <a 'sun/nio/fs/WindowsException'{0x00000000ecc89b30}> (0x00000000ecc89b30) 
thrown [s\open\src\hotspot\share\prims\jni.cpp, line 519]
Event: 939.649 Thread 0x0000018e146b7e10 Exception <a 'sun/nio/fs/WindowsException'{0x00000000ecc8afe8}> (0x00000000ecc8afe8) 
thrown [s\open\src\hotspot\share\prims\jni.cpp, line 519]
Event: 939.651 Thread 0x0000018e146b7e10 Exception <a 'sun/nio/fs/WindowsException'{0x00000000ecc8c4a0}> (0x00000000ecc8c4a0) 
thrown [s\open\src\hotspot\share\prims\jni.cpp, line 519]
Event: 941.198 Thread 0x0000018e146b7e10 Exception <a 'java/lang/NoClassDefFoundError'{0x00000000ec8ea1d8}: org/jetbrains/kotlin/gradle/plugin/KotlinPluginWrapper> (0x00000000ec8ea1d8) 
thrown [s\open\src\hotspot\share\oops\constantPool.cpp, line 848]
Event: 941.199 Thread 0x0000018e146b7e10 Exception <a 'java/lang/NoClassDefFoundError'{0x00000000ec8ec890}: org/graalvm/buildtools/gradle/NativeImagePlugin> (0x00000000ec8ec890) 
thrown [s\open\src\hotspot\share\oops\constantPool.cpp, line 848]

VM Operations (20 events):
Event: 938.656 Executing VM operation: Cleanup done
Event: 939.660 Executing VM operation: Cleanup
Event: 939.660 Executing VM operation: Cleanup done
Event: 940.670 Executing VM operation: Cleanup
Event: 940.671 Executing VM operation: Cleanup done
Event: 941.677 Executing VM operation: Cleanup
Event: 941.677 Executing VM operation: Cleanup done
Event: 942.688 Executing VM operation: Cleanup
Event: 942.690 Executing VM operation: Cleanup done
Event: 943.695 Executing VM operation: Cleanup
Event: 943.695 Executing VM operation: Cleanup done
Event: 944.709 Executing VM operation: Cleanup
Event: 944.710 Executing VM operation: Cleanup done
Event: 945.092 Executing VM operation: G1CollectForAllocation
Event: 945.391 Executing VM operation: G1CollectForAllocation done
Event: 946.688 Executing VM operation: G1PauseRemark
Event: 948.934 Executing VM operation: G1PauseRemark done
Event: 954.990 Executing VM operation: Cleanup
Event: 955.289 Executing VM operation: Cleanup done
Event: 955.900 Executing VM operation: G1CollectForAllocation

Events (20 events):
Event: 948.758 Thread 0x0000018e7d7d9350 flushing nmethod 0x0000018e07b87390
Event: 948.758 Thread 0x0000018e7d7d9350 flushing nmethod 0x0000018e07b86a10
Event: 948.758 Thread 0x0000018e7d7d9350 flushing nmethod 0x0000018e07b85510
Event: 948.758 Thread 0x0000018e7d7d9350 flushing nmethod 0x0000018e07b88290
Event: 948.758 Thread 0x0000018e7d7d9350 flushing nmethod 0x0000018e07b7d910
Event: 948.758 Thread 0x0000018e7d7d9350 flushing nmethod 0x0000018e07b7a110
Event: 948.758 Thread 0x0000018e7d7d9350 flushing nmethod 0x0000018e07b63c10
Event: 948.758 Thread 0x0000018e7d7d9350 flushing nmethod 0x0000018e07b5e110
Event: 948.758 Thread 0x0000018e7d7d9350 flushing nmethod 0x0000018e07b47f10
Event: 948.758 Thread 0x0000018e7d7d9350 flushing nmethod 0x0000018e07b56110
Event: 948.758 Thread 0x0000018e7d7d9350 flushing nmethod 0x0000018e07b32b90
Event: 948.759 Thread 0x0000018e7d7d9350 flushing nmethod 0x0000018e07b06a10
Event: 948.759 Thread 0x0000018e7d7d9350 flushing nmethod 0x0000018e07b17810
Event: 948.759 Thread 0x0000018e7d7d9350 flushing nmethod 0x0000018e07b16f10
Event: 948.759 Thread 0x0000018e7d7d9350 flushing nmethod 0x0000018e07b0f410
Event: 948.759 Thread 0x0000018e7d7d9350 flushing nmethod 0x0000018e07b0e110
Event: 948.759 Thread 0x0000018e7d7d9350 flushing nmethod 0x0000018e07b0d610
Event: 948.759 Thread 0x0000018e7d7d9350 flushing nmethod 0x0000018e07b08d90
Event: 948.759 Thread 0x0000018e7d7d9350 flushing nmethod 0x0000018e07afda90
Event: 948.759 Thread 0x0000018e7d7d9350 flushing nmethod 0x0000018e07af8610


Dynamic libraries:
0x00007ff704360000 - 0x00007ff70436e000 	C:\Users\Minaver\.jdks\openjdk-20.0.1\bin\java.exe
0x00007ff864830000 - 0x00007ff864a28000 	C:\Windows\SYSTEM32\ntdll.dll
0x00007ff8630c0000 - 0x00007ff86317d000 	C:\Windows\System32\KERNEL32.DLL
0x00007ff862200000 - 0x00007ff8624f6000 	C:\Windows\System32\KERNELBASE.dll
0x00007ff862060000 - 0x00007ff862160000 	C:\Windows\System32\ucrtbase.dll
0x00007ff84a730000 - 0x00007ff84a747000 	C:\Users\Minaver\.jdks\openjdk-20.0.1\bin\jli.dll
0x00007ff84c3c0000 - 0x00007ff84c3db000 	C:\Users\Minaver\.jdks\openjdk-20.0.1\bin\VCRUNTIME140.dll
0x00007ff863db0000 - 0x00007ff863f4e000 	C:\Windows\System32\USER32.dll
0x00007ff8621d0000 - 0x00007ff8621f2000 	C:\Windows\System32\win32u.dll
0x00007ff8647c0000 - 0x00007ff8647ec000 	C:\Windows\System32\GDI32.dll
0x00007ff862720000 - 0x00007ff86283a000 	C:\Windows\System32\gdi32full.dll
0x00007ff861fc0000 - 0x00007ff86205d000 	C:\Windows\System32\msvcp_win.dll
0x00007ff84a480000 - 0x00007ff84a71a000 	C:\Windows\WinSxS\amd64_microsoft.windows.common-controls_6595b64144ccf1df_6.0.19041.3636_none_60b6a03d71f818d5\COMCTL32.dll
0x00007ff863f50000 - 0x00007ff863fee000 	C:\Windows\System32\msvcrt.dll
0x00007ff8629d0000 - 0x00007ff862a00000 	C:\Windows\System32\IMM32.DLL
0x00007ff85ad60000 - 0x00007ff85ad6c000 	C:\Users\Minaver\.jdks\openjdk-20.0.1\bin\vcruntime140_1.dll
0x00007ff836e60000 - 0x00007ff836eee000 	C:\Users\Minaver\.jdks\openjdk-20.0.1\bin\msvcp140.dll
0x00007ff816580000 - 0x00007ff817217000 	C:\Users\Minaver\.jdks\openjdk-20.0.1\bin\server\jvm.dll
0x00007ff862e70000 - 0x00007ff862f1f000 	C:\Windows\System32\ADVAPI32.dll
0x00007ff862bb0000 - 0x00007ff862c4c000 	C:\Windows\System32\sechost.dll
0x00007ff862c50000 - 0x00007ff862d76000 	C:\Windows\System32\RPCRT4.dll
0x00007ff85f700000 - 0x00007ff85f709000 	C:\Windows\SYSTEM32\WSOCK32.dll
0x00007ff862f20000 - 0x00007ff862f8b000 	C:\Windows\System32\WS2_32.dll
0x00007ff8421a0000 - 0x00007ff8421c7000 	C:\Windows\SYSTEM32\WINMM.dll
0x00007ff85c760000 - 0x00007ff85c76a000 	C:\Windows\SYSTEM32\VERSION.dll
0x00007ff85fd90000 - 0x00007ff85fda2000 	C:\Windows\SYSTEM32\kernel.appcore.dll
0x00007ff85ad10000 - 0x00007ff85ad1a000 	C:\Users\Minaver\.jdks\openjdk-20.0.1\bin\jimage.dll
0x00007ff85bd60000 - 0x00007ff85bf44000 	C:\Windows\SYSTEM32\DBGHELP.DLL
0x00007ff85bbb0000 - 0x00007ff85bbe4000 	C:\Windows\SYSTEM32\dbgcore.DLL
0x00007ff862690000 - 0x00007ff862712000 	C:\Windows\System32\bcryptPrimitives.dll
0x00007ff84e650000 - 0x00007ff84e65e000 	C:\Users\Minaver\.jdks\openjdk-20.0.1\bin\instrument.dll
0x00007ff83b490000 - 0x00007ff83b4b6000 	C:\Users\Minaver\.jdks\openjdk-20.0.1\bin\java.dll
0x00007ff831bd0000 - 0x00007ff831ca7000 	C:\Users\Minaver\.jdks\openjdk-20.0.1\bin\jsvml.dll
0x00007ff863ff0000 - 0x00007ff864734000 	C:\Windows\System32\SHELL32.dll
0x00007ff85ff90000 - 0x00007ff86072b000 	C:\Windows\SYSTEM32\windows.storage.dll
0x00007ff863180000 - 0x00007ff8634d4000 	C:\Windows\System32\combase.dll
0x00007ff861950000 - 0x00007ff86197d000 	C:\Windows\SYSTEM32\Wldp.dll
0x00007ff862890000 - 0x00007ff86293d000 	C:\Windows\System32\SHCORE.dll
0x00007ff862f90000 - 0x00007ff862fe5000 	C:\Windows\System32\shlwapi.dll
0x00007ff861e40000 - 0x00007ff861e65000 	C:\Windows\SYSTEM32\profapi.dll
0x00007ff83b470000 - 0x00007ff83b488000 	C:\Users\Minaver\.jdks\openjdk-20.0.1\bin\zip.dll
0x00007ff849d70000 - 0x00007ff849d83000 	C:\Users\Minaver\.jdks\openjdk-20.0.1\bin\net.dll
0x00007ff8592d0000 - 0x00007ff8593da000 	C:\Windows\SYSTEM32\WINHTTP.dll
0x00007ff8616b0000 - 0x00007ff86171a000 	C:\Windows\system32\mswsock.dll
0x00007ff83bae0000 - 0x00007ff83baf6000 	C:\Users\Minaver\.jdks\openjdk-20.0.1\bin\nio.dll
0x00007ff84f250000 - 0x00007ff84f260000 	C:\Users\Minaver\.jdks\openjdk-20.0.1\bin\verify.dll
0x00007ff83b060000 - 0x00007ff83b087000 	C:\Users\Minaver\.gradle\native\c067742578af261105cb4f569cf0c3c89f3d7b1fecec35dd04571415982c5e48\windows-amd64\native-platform.dll
0x00007ff82fbe0000 - 0x00007ff82fd24000 	C:\Users\Minaver\.gradle\native\38dada09dfb8b06ba9b0570ebf7e218e3eb74d4ef43ca46872605cf95ebc2f47\windows-amd64\native-platform-file-events.dll
0x00007ff84cfb0000 - 0x00007ff84cfba000 	C:\Users\Minaver\.jdks\openjdk-20.0.1\bin\management.dll
0x00007ff84c3b0000 - 0x00007ff84c3bb000 	C:\Users\Minaver\.jdks\openjdk-20.0.1\bin\management_ext.dll
0x00007ff863780000 - 0x00007ff863788000 	C:\Windows\System32\PSAPI.DLL
0x00007ff8618b0000 - 0x00007ff8618c8000 	C:\Windows\SYSTEM32\CRYPTSP.dll
0x00007ff860f30000 - 0x00007ff860f64000 	C:\Windows\system32\rsaenh.dll
0x00007ff862660000 - 0x00007ff862687000 	C:\Windows\System32\bcrypt.dll
0x00007ff861dc0000 - 0x00007ff861dee000 	C:\Windows\SYSTEM32\USERENV.dll
0x00007ff8618a0000 - 0x00007ff8618ac000 	C:\Windows\SYSTEM32\CRYPTBASE.dll
0x00007ff861350000 - 0x00007ff86138b000 	C:\Windows\SYSTEM32\IPHLPAPI.DLL
0x00007ff8638b0000 - 0x00007ff8638b8000 	C:\Windows\System32\NSI.dll
0x00007ff85a5e0000 - 0x00007ff85a5f7000 	C:\Windows\SYSTEM32\dhcpcsvc6.DLL
0x00007ff85b2a0000 - 0x00007ff85b2bd000 	C:\Windows\SYSTEM32\dhcpcsvc.DLL
0x00007ff861390000 - 0x00007ff86145a000 	C:\Windows\SYSTEM32\DNSAPI.dll
0x00007ff85a900000 - 0x00007ff85a907000 	C:\Users\Minaver\.jdks\openjdk-20.0.1\bin\extnet.dll
0x00007ff849f70000 - 0x00007ff849f7e000 	C:\Users\Minaver\.jdks\openjdk-20.0.1\bin\sunmscapi.dll
0x00007ff862500000 - 0x00007ff86265d000 	C:\Windows\System32\CRYPT32.dll
0x00007ff8619c0000 - 0x00007ff8619e7000 	C:\Windows\SYSTEM32\ncrypt.dll
0x00007ff861980000 - 0x00007ff8619bb000 	C:\Windows\SYSTEM32\NTASN1.dll
0x00007ff85d050000 - 0x00007ff85d057000 	C:\Windows\system32\wshunix.dll

dbghelp: loaded successfully - version: 4.0.5 - missing functions: none
symbol engine: initialized successfully - sym options: 0x614 - pdb path: .;C:\Users\Minaver\.jdks\openjdk-20.0.1\bin;C:\Windows\SYSTEM32;C:\Windows\WinSxS\amd64_microsoft.windows.common-controls_6595b64144ccf1df_6.0.19041.3636_none_60b6a03d71f818d5;C:\Users\Minaver\.jdks\openjdk-20.0.1\bin\server;C:\Users\Minaver\.gradle\native\c067742578af261105cb4f569cf0c3c89f3d7b1fecec35dd04571415982c5e48\windows-amd64;C:\Users\Minaver\.gradle\native\38dada09dfb8b06ba9b0570ebf7e218e3eb74d4ef43ca46872605cf95ebc2f47\windows-amd64

VM Arguments:
jvm_args: --add-opens=java.base/java.util=ALL-UNNAMED --add-opens=java.base/java.lang=ALL-UNNAMED --add-opens=java.base/java.lang.invoke=ALL-UNNAMED --add-opens=java.prefs/java.util.prefs=ALL-UNNAMED --add-opens=java.base/java.nio.charset=ALL-UNNAMED --add-opens=java.base/java.net=ALL-UNNAMED --add-opens=java.base/java.util.concurrent.atomic=ALL-UNNAMED -XX:MaxMetaspaceSize=384m -XX:+HeapDumpOnOutOfMemoryError -Xms256m -Xmx512m -Dfile.encoding=windows-1251 -Duser.country=AZ -Duser.language=az -Duser.variant -javaagent:C:\Users\Minaver\.gradle\wrapper\dists\gradle-8.4-bin\1w5dpkrfk8irigvoxmyhowfim\gradle-8.4\lib\agents\gradle-instrumentation-agent-8.4.jar 
java_command: org.gradle.launcher.daemon.bootstrap.GradleDaemon 8.4
java_class_path (initial): C:\Users\Minaver\.gradle\wrapper\dists\gradle-8.4-bin\1w5dpkrfk8irigvoxmyhowfim\gradle-8.4\lib\gradle-launcher-8.4.jar
Launcher Type: SUN_STANDARD

[Global flags]
     intx CICompilerCount                          = 3                                         {product} {ergonomic}
   size_t CompressedClassSpaceSize                 = 322961408                                 {product} {ergonomic}
     uint ConcGCThreads                            = 1                                         {product} {ergonomic}
     uint G1ConcRefinementThreads                  = 4                                         {product} {ergonomic}
   size_t G1HeapRegionSize                         = 1048576                                   {product} {ergonomic}
    uintx GCDrainStackTargetSize                   = 64                                        {product} {ergonomic}
     bool HeapDumpOnOutOfMemoryError               = true                                   {manageable} {command line}
   size_t InitialHeapSize                          = 268435456                                 {product} {command line}
   size_t MarkStackSize                            = 4194304                                   {product} {ergonomic}
   size_t MaxHeapSize                              = 536870912                                 {product} {command line}
   size_t MaxMetaspaceSize                         = 402653184                                 {product} {command line}
   size_t MaxNewSize                               = 321912832                                 {product} {ergonomic}
   size_t MinHeapDeltaBytes                        = 1048576                                   {product} {ergonomic}
   size_t MinHeapSize                              = 268435456                                 {product} {command line}
    uintx NonNMethodCodeHeapSize                   = 5832780                                {pd product} {ergonomic}
    uintx NonProfiledCodeHeapSize                  = 122912730                              {pd product} {ergonomic}
    uintx ProfiledCodeHeapSize                     = 122912730                              {pd product} {ergonomic}
    uintx ReservedCodeCacheSize                    = 251658240                              {pd product} {ergonomic}
     bool SegmentedCodeCache                       = true                                      {product} {ergonomic}
   size_t SoftMaxHeapSize                          = 536870912                              {manageable} {ergonomic}
     bool UseCompressedClassPointers               = true                           {product lp64_product} {ergonomic}
     bool UseCompressedOops                        = true                           {product lp64_product} {ergonomic}
     bool UseG1GC                                  = true                                      {product} {ergonomic}
     bool UseLargePagesIndividualAllocation        = false                                  {pd product} {ergonomic}

Logging:
Log output configuration:
 #0: stdout all=warning uptime,level,tags foldmultilines=false
 #1: stderr all=off uptime,level,tags foldmultilines=false

Environment Variables:
PATH=C:\Windows\system32;C:\Windows;C:\Windows\System32\Wbem;C:\Windows\System32\WindowsPowerShell\v1.0\;C:\Windows\System32\OpenSSH\;C:\Program Files\Git\cmd;C:\Program Files\Docker\Docker\resources\bin;C:\Program Files\MySQL\MySQL Shell 8.0\bin\;C:\Users\Minaver\AppData\Local\Microsoft\WindowsApps;
USERNAME=Minaver
OS=Windows_NT
PROCESSOR_IDENTIFIER=Intel64 Family 6 Model 142 Stepping 9, GenuineIntel
TMP=C:\Users\Minaver\AppData\Local\Temp
TEMP=C:\Users\Minaver\AppData\Local\Temp




---------------  S Y S T E M  ---------------

OS:
 Windows 10 , 64 bit Build 19041 (10.0.19041.3636)
OS uptime: 0 days 18:45 hours
Hyper-V role detected

CPU: total 4 (initial active 4) (2 cores per cpu, 2 threads per core) family 6 model 142 stepping 9 microcode 0xb4, cx8, cmov, fxsr, ht, mmx, 3dnowpref, sse, sse2, sse3, ssse3, sse4.1, sse4.2, popcnt, lzcnt, tsc, tscinvbit, avx, avx2, aes, erms, clmul, bmi1, bmi2, adx, fma, vzeroupper, clflush, clflushopt, hv, rdtscp, f16c

Memory: 4k page, system-wide physical 3969M (230M free)
TotalPageFile size 16249M (AvailPageFile size 38M)
current process WorkingSet (physical memory assigned to process): 245M, peak: 335M
current process commit charge ("private bytes"): 522M, peak: 625M

vm_info: OpenJDK 64-Bit Server VM (20.0.1+9-29) for windows-amd64 JRE (20.0.1+9-29), built on 2023-03-07T13:56:11Z by "mach5one" with MS VC++ 17.1 (VS2022)

END.
